ERROR - 2022-12-02 11:45:33 --> mysqli_sql_exception: Column 'nombres' cannot be null in C:\xampp\htdocs\proyectobibliote\system\Database\MySQLi\Connection.php:292
Stack trace:
#0 C:\xampp\htdocs\proyectobibliote\system\Database\MySQLi\Connection.php(292): mysqli->query('INSERT INTO `us...', 0)
#1 C:\xampp\htdocs\proyectobibliote\system\Database\BaseConnection.php(693): CodeIgniter\Database\MySQLi\Connection->execute('INSERT INTO `us...')
#2 C:\xampp\htdocs\proyectobibliote\system\Database\BaseConnection.php(620): CodeIgniter\Database\BaseConnection->simpleQuery('INSERT INTO `us...')
#3 C:\xampp\htdocs\proyectobibliote\system\Database\BaseBuilder.php(1916): CodeIgniter\Database\BaseConnection->query('INSERT INTO `us...', Array, false)
#4 C:\xampp\htdocs\proyectobibliote\system\Model.php(279): CodeIgniter\Database\BaseBuilder->insert()
#5 C:\xampp\htdocs\proyectobibliote\system\BaseModel.php(738): CodeIgniter\Model->doInsert(Array)
#6 C:\xampp\htdocs\proyectobibliote\system\Model.php(667): CodeIgniter\BaseModel->insert(Array, true)
#7 C:\xampp\htdocs\proyectobibliote\app\Controllers\correo.php(17): CodeIgniter\Model->insert(Array)
#8 C:\xampp\htdocs\proyectobibliote\system\CodeIgniter.php(904): App\Controllers\correo->index()
#9 C:\xampp\htdocs\proyectobibliote\system\CodeIgniter.php(457): CodeIgniter\CodeIgniter->runController(Object(App\Controllers\correo))
#10 C:\xampp\htdocs\proyectobibliote\system\CodeIgniter.php(340): CodeIgniter\CodeIgniter->handleRequest(NULL, Object(Config\Cache), false)
#11 C:\xampp\htdocs\proyectobibliote\index.php(67): CodeIgniter\CodeIgniter->run()
#12 {main}
ERROR - 2022-12-02 11:45:37 --> mysqli_sql_exception: Column 'nombres' cannot be null in C:\xampp\htdocs\proyectobibliote\system\Database\MySQLi\Connection.php:292
Stack trace:
#0 C:\xampp\htdocs\proyectobibliote\system\Database\MySQLi\Connection.php(292): mysqli->query('INSERT INTO `us...', 0)
#1 C:\xampp\htdocs\proyectobibliote\system\Database\BaseConnection.php(693): CodeIgniter\Database\MySQLi\Connection->execute('INSERT INTO `us...')
#2 C:\xampp\htdocs\proyectobibliote\system\Database\BaseConnection.php(620): CodeIgniter\Database\BaseConnection->simpleQuery('INSERT INTO `us...')
#3 C:\xampp\htdocs\proyectobibliote\system\Database\BaseBuilder.php(1916): CodeIgniter\Database\BaseConnection->query('INSERT INTO `us...', Array, false)
#4 C:\xampp\htdocs\proyectobibliote\system\Model.php(279): CodeIgniter\Database\BaseBuilder->insert()
#5 C:\xampp\htdocs\proyectobibliote\system\BaseModel.php(738): CodeIgniter\Model->doInsert(Array)
#6 C:\xampp\htdocs\proyectobibliote\system\Model.php(667): CodeIgniter\BaseModel->insert(Array, true)
#7 C:\xampp\htdocs\proyectobibliote\app\Controllers\correo.php(17): CodeIgniter\Model->insert(Array)
#8 C:\xampp\htdocs\proyectobibliote\system\CodeIgniter.php(904): App\Controllers\correo->index()
#9 C:\xampp\htdocs\proyectobibliote\system\CodeIgniter.php(457): CodeIgniter\CodeIgniter->runController(Object(App\Controllers\correo))
#10 C:\xampp\htdocs\proyectobibliote\system\CodeIgniter.php(340): CodeIgniter\CodeIgniter->handleRequest(NULL, Object(Config\Cache), false)
#11 C:\xampp\htdocs\proyectobibliote\index.php(67): CodeIgniter\CodeIgniter->run()
#12 {main}
ERROR - 2022-12-02 11:45:45 --> mysqli_sql_exception: Column 'nombres' cannot be null in C:\xampp\htdocs\proyectobibliote\system\Database\MySQLi\Connection.php:292
Stack trace:
#0 C:\xampp\htdocs\proyectobibliote\system\Database\MySQLi\Connection.php(292): mysqli->query('INSERT INTO `us...', 0)
#1 C:\xampp\htdocs\proyectobibliote\system\Database\BaseConnection.php(693): CodeIgniter\Database\MySQLi\Connection->execute('INSERT INTO `us...')
#2 C:\xampp\htdocs\proyectobibliote\system\Database\BaseConnection.php(620): CodeIgniter\Database\BaseConnection->simpleQuery('INSERT INTO `us...')
#3 C:\xampp\htdocs\proyectobibliote\system\Database\BaseBuilder.php(1916): CodeIgniter\Database\BaseConnection->query('INSERT INTO `us...', Array, false)
#4 C:\xampp\htdocs\proyectobibliote\system\Model.php(279): CodeIgniter\Database\BaseBuilder->insert()
#5 C:\xampp\htdocs\proyectobibliote\system\BaseModel.php(738): CodeIgniter\Model->doInsert(Array)
#6 C:\xampp\htdocs\proyectobibliote\system\Model.php(667): CodeIgniter\BaseModel->insert(Array, true)
#7 C:\xampp\htdocs\proyectobibliote\app\Controllers\correo.php(17): CodeIgniter\Model->insert(Array)
#8 C:\xampp\htdocs\proyectobibliote\system\CodeIgniter.php(904): App\Controllers\correo->index()
#9 C:\xampp\htdocs\proyectobibliote\system\CodeIgniter.php(457): CodeIgniter\CodeIgniter->runController(Object(App\Controllers\correo))
#10 C:\xampp\htdocs\proyectobibliote\system\CodeIgniter.php(340): CodeIgniter\CodeIgniter->handleRequest(NULL, Object(Config\Cache), false)
#11 C:\xampp\htdocs\proyectobibliote\index.php(67): CodeIgniter\CodeIgniter->run()
#12 {main}
ERROR - 2022-12-02 11:45:49 --> mysqli_sql_exception: Column 'nombres' cannot be null in C:\xampp\htdocs\proyectobibliote\system\Database\MySQLi\Connection.php:292
Stack trace:
#0 C:\xampp\htdocs\proyectobibliote\system\Database\MySQLi\Connection.php(292): mysqli->query('INSERT INTO `us...', 0)
#1 C:\xampp\htdocs\proyectobibliote\system\Database\BaseConnection.php(693): CodeIgniter\Database\MySQLi\Connection->execute('INSERT INTO `us...')
#2 C:\xampp\htdocs\proyectobibliote\system\Database\BaseConnection.php(620): CodeIgniter\Database\BaseConnection->simpleQuery('INSERT INTO `us...')
#3 C:\xampp\htdocs\proyectobibliote\system\Database\BaseBuilder.php(1916): CodeIgniter\Database\BaseConnection->query('INSERT INTO `us...', Array, false)
#4 C:\xampp\htdocs\proyectobibliote\system\Model.php(279): CodeIgniter\Database\BaseBuilder->insert()
#5 C:\xampp\htdocs\proyectobibliote\system\BaseModel.php(738): CodeIgniter\Model->doInsert(Array)
#6 C:\xampp\htdocs\proyectobibliote\system\Model.php(667): CodeIgniter\BaseModel->insert(Array, true)
#7 C:\xampp\htdocs\proyectobibliote\app\Controllers\correo.php(17): CodeIgniter\Model->insert(Array)
#8 C:\xampp\htdocs\proyectobibliote\system\CodeIgniter.php(904): App\Controllers\correo->index()
#9 C:\xampp\htdocs\proyectobibliote\system\CodeIgniter.php(457): CodeIgniter\CodeIgniter->runController(Object(App\Controllers\correo))
#10 C:\xampp\htdocs\proyectobibliote\system\CodeIgniter.php(340): CodeIgniter\CodeIgniter->handleRequest(NULL, Object(Config\Cache), false)
#11 C:\xampp\htdocs\proyectobibliote\index.php(67): CodeIgniter\CodeIgniter->run()
#12 {main}
ERROR - 2022-12-02 11:46:42 --> mysqli_sql_exception: Column 'nombres' cannot be null in C:\xampp\htdocs\proyectobibliote\system\Database\MySQLi\Connection.php:292
Stack trace:
#0 C:\xampp\htdocs\proyectobibliote\system\Database\MySQLi\Connection.php(292): mysqli->query('INSERT INTO `us...', 0)
#1 C:\xampp\htdocs\proyectobibliote\system\Database\BaseConnection.php(693): CodeIgniter\Database\MySQLi\Connection->execute('INSERT INTO `us...')
#2 C:\xampp\htdocs\proyectobibliote\system\Database\BaseConnection.php(620): CodeIgniter\Database\BaseConnection->simpleQuery('INSERT INTO `us...')
#3 C:\xampp\htdocs\proyectobibliote\system\Database\BaseBuilder.php(1916): CodeIgniter\Database\BaseConnection->query('INSERT INTO `us...', Array, false)
#4 C:\xampp\htdocs\proyectobibliote\system\Model.php(279): CodeIgniter\Database\BaseBuilder->insert()
#5 C:\xampp\htdocs\proyectobibliote\system\BaseModel.php(738): CodeIgniter\Model->doInsert(Array)
#6 C:\xampp\htdocs\proyectobibliote\system\Model.php(667): CodeIgniter\BaseModel->insert(Array, true)
#7 C:\xampp\htdocs\proyectobibliote\app\Controllers\correo.php(17): CodeIgniter\Model->insert(Array)
#8 C:\xampp\htdocs\proyectobibliote\system\CodeIgniter.php(904): App\Controllers\correo->index()
#9 C:\xampp\htdocs\proyectobibliote\system\CodeIgniter.php(457): CodeIgniter\CodeIgniter->runController(Object(App\Controllers\correo))
#10 C:\xampp\htdocs\proyectobibliote\system\CodeIgniter.php(340): CodeIgniter\CodeIgniter->handleRequest(NULL, Object(Config\Cache), false)
#11 C:\xampp\htdocs\proyectobibliote\index.php(67): CodeIgniter\CodeIgniter->run()
#12 {main}
ERROR - 2022-12-02 12:55:29 --> mysqli_sql_exception: Column 'nombres' cannot be null in C:\xampp\htdocs\proyectobibliote\system\Database\MySQLi\Connection.php:292
Stack trace:
#0 C:\xampp\htdocs\proyectobibliote\system\Database\MySQLi\Connection.php(292): mysqli->query('INSERT INTO `us...', 0)
#1 C:\xampp\htdocs\proyectobibliote\system\Database\BaseConnection.php(693): CodeIgniter\Database\MySQLi\Connection->execute('INSERT INTO `us...')
#2 C:\xampp\htdocs\proyectobibliote\system\Database\BaseConnection.php(620): CodeIgniter\Database\BaseConnection->simpleQuery('INSERT INTO `us...')
#3 C:\xampp\htdocs\proyectobibliote\system\Database\BaseBuilder.php(1916): CodeIgniter\Database\BaseConnection->query('INSERT INTO `us...', Array, false)
#4 C:\xampp\htdocs\proyectobibliote\system\Model.php(279): CodeIgniter\Database\BaseBuilder->insert()
#5 C:\xampp\htdocs\proyectobibliote\system\BaseModel.php(738): CodeIgniter\Model->doInsert(Array)
#6 C:\xampp\htdocs\proyectobibliote\system\Model.php(667): CodeIgniter\BaseModel->insert(Array, true)
#7 C:\xampp\htdocs\proyectobibliote\app\Controllers\correo.php(17): CodeIgniter\Model->insert(Array)
#8 C:\xampp\htdocs\proyectobibliote\system\CodeIgniter.php(904): App\Controllers\correo->index()
#9 C:\xampp\htdocs\proyectobibliote\system\CodeIgniter.php(457): CodeIgniter\CodeIgniter->runController(Object(App\Controllers\correo))
#10 C:\xampp\htdocs\proyectobibliote\system\CodeIgniter.php(340): CodeIgniter\CodeIgniter->handleRequest(NULL, Object(Config\Cache), false)
#11 C:\xampp\htdocs\proyectobibliote\index.php(67): CodeIgniter\CodeIgniter->run()
#12 {main}
ERROR - 2022-12-02 12:55:31 --> mysqli_sql_exception: Column 'nombres' cannot be null in C:\xampp\htdocs\proyectobibliote\system\Database\MySQLi\Connection.php:292
Stack trace:
#0 C:\xampp\htdocs\proyectobibliote\system\Database\MySQLi\Connection.php(292): mysqli->query('INSERT INTO `us...', 0)
#1 C:\xampp\htdocs\proyectobibliote\system\Database\BaseConnection.php(693): CodeIgniter\Database\MySQLi\Connection->execute('INSERT INTO `us...')
#2 C:\xampp\htdocs\proyectobibliote\system\Database\BaseConnection.php(620): CodeIgniter\Database\BaseConnection->simpleQuery('INSERT INTO `us...')
#3 C:\xampp\htdocs\proyectobibliote\system\Database\BaseBuilder.php(1916): CodeIgniter\Database\BaseConnection->query('INSERT INTO `us...', Array, false)
#4 C:\xampp\htdocs\proyectobibliote\system\Model.php(279): CodeIgniter\Database\BaseBuilder->insert()
#5 C:\xampp\htdocs\proyectobibliote\system\BaseModel.php(738): CodeIgniter\Model->doInsert(Array)
#6 C:\xampp\htdocs\proyectobibliote\system\Model.php(667): CodeIgniter\BaseModel->insert(Array, true)
#7 C:\xampp\htdocs\proyectobibliote\app\Controllers\correo.php(17): CodeIgniter\Model->insert(Array)
#8 C:\xampp\htdocs\proyectobibliote\system\CodeIgniter.php(904): App\Controllers\correo->index()
#9 C:\xampp\htdocs\proyectobibliote\system\CodeIgniter.php(457): CodeIgniter\CodeIgniter->runController(Object(App\Controllers\correo))
#10 C:\xampp\htdocs\proyectobibliote\system\CodeIgniter.php(340): CodeIgniter\CodeIgniter->handleRequest(NULL, Object(Config\Cache), false)
#11 C:\xampp\htdocs\proyectobibliote\index.php(67): CodeIgniter\CodeIgniter->run()
#12 {main}
CRITICAL - 2022-12-02 12:56:19 --> Class "App\Controllers\tipousuarioModel" not found
in APPPATH\Controllers\Admin.php on line 11.
 1 SYSTEMPATH\CodeIgniter.php(904): App\Controllers\Admin->index()
 2 SYSTEMPATH\CodeIgniter.php(457): CodeIgniter\CodeIgniter->runController(Object(App\Controllers\Admin))
 3 SYSTEMPATH\CodeIgniter.php(340): CodeIgniter\CodeIgniter->handleRequest(null, Object(Config\Cache), false)
 4 FCPATH\index.php(67): CodeIgniter\CodeIgniter->run()
CRITICAL - 2022-12-02 12:56:54 --> Invalid file: admin/usuariosAdminS.php
in SYSTEMPATH\Exceptions\FrameworkException.php on line 33.
 1 SYSTEMPATH\View\View.php(201): CodeIgniter\Exceptions\FrameworkException::forInvalidFile('admin/usuariosAdminS.php')
 2 SYSTEMPATH\Common.php(1142): CodeIgniter\View\View->render('admin/usuariosAdminS', [], true)
 3 APPPATH\Controllers\Home.php(46): view('admin/usuariosAdminS', [...])
 4 SYSTEMPATH\CodeIgniter.php(904): App\Controllers\Home->adminUsuarios()
 5 SYSTEMPATH\CodeIgniter.php(457): CodeIgniter\CodeIgniter->runController(Object(App\Controllers\Home))
 6 SYSTEMPATH\CodeIgniter.php(340): CodeIgniter\CodeIgniter->handleRequest(null, Object(Config\Cache), false)
 7 FCPATH\index.php(67): CodeIgniter\CodeIgniter->run()
