CRITICAL - 2022-11-07 09:15:13 --> Cannot redeclare App\Controllers\Home::borrarUsuario()
in APPPATH\Controllers\Home.php on line 259.
 1 [internal function]: CodeIgniter\Debug\Exceptions->shutdownHandler()
CRITICAL - 2022-11-07 09:15:16 --> Cannot redeclare App\Controllers\Home::borrarUsuario()
in APPPATH\Controllers\Home.php on line 259.
 1 [internal function]: CodeIgniter\Debug\Exceptions->shutdownHandler()
CRITICAL - 2022-11-07 09:15:35 --> Cannot redeclare App\Controllers\Home::borrarUsuario()
in APPPATH\Controllers\Home.php on line 259.
 1 [internal function]: CodeIgniter\Debug\Exceptions->shutdownHandler()
CRITICAL - 2022-11-07 09:15:37 --> Cannot redeclare App\Controllers\Home::borrarUsuario()
in APPPATH\Controllers\Home.php on line 259.
 1 [internal function]: CodeIgniter\Debug\Exceptions->shutdownHandler()
CRITICAL - 2022-11-07 09:18:43 --> Cannot redeclare App\Controllers\Home::borrarUsuario()
in APPPATH\Controllers\Home.php on line 261.
 1 [internal function]: CodeIgniter\Debug\Exceptions->shutdownHandler()
CRITICAL - 2022-11-07 09:32:12 --> Undefined variable $usuario
in APPPATH\Views\usuarios\registrarUsuario.php on line 195.
 1 APPPATH\Views\usuarios\registrarUsuario.php(195): CodeIgniter\Debug\Exceptions->errorHandler(2, 'Undefined variable $usuario', 'APPPATH\\Views\\usuarios\\registrarUsuario.php', 195)
 2 SYSTEMPATH\View\View.php(213): include('APPPATH\\Views\\usuarios\\registrarUsuario.php')
 3 SYSTEMPATH\View\View.php(216): CodeIgniter\View\View->CodeIgniter\View\{closure}()
 4 SYSTEMPATH\Common.php(1142): CodeIgniter\View\View->render('usuarios/registrarUsuario', [], true)
 5 APPPATH\Controllers\Home.php(71): view('usuarios/registrarUsuario', [...])
 6 SYSTEMPATH\CodeIgniter.php(904): App\Controllers\Home->agregar_usuario()
 7 SYSTEMPATH\CodeIgniter.php(457): CodeIgniter\CodeIgniter->runController(Object(App\Controllers\Home))
 8 SYSTEMPATH\CodeIgniter.php(340): CodeIgniter\CodeIgniter->handleRequest(null, Object(Config\Cache), false)
 9 FCPATH\index.php(67): CodeIgniter\CodeIgniter->run()
CRITICAL - 2022-11-07 09:32:45 --> Undefined variable $usuario
in APPPATH\Views\usuarios\registrarUsuario.php on line 195.
 1 APPPATH\Views\usuarios\registrarUsuario.php(195): CodeIgniter\Debug\Exceptions->errorHandler(2, 'Undefined variable $usuario', 'APPPATH\\Views\\usuarios\\registrarUsuario.php', 195)
 2 SYSTEMPATH\View\View.php(213): include('APPPATH\\Views\\usuarios\\registrarUsuario.php')
 3 SYSTEMPATH\View\View.php(216): CodeIgniter\View\View->CodeIgniter\View\{closure}()
 4 SYSTEMPATH\Common.php(1142): CodeIgniter\View\View->render('usuarios/registrarUsuario', [], true)
 5 APPPATH\Controllers\Home.php(71): view('usuarios/registrarUsuario', [...])
 6 SYSTEMPATH\CodeIgniter.php(904): App\Controllers\Home->agregar_usuario()
 7 SYSTEMPATH\CodeIgniter.php(457): CodeIgniter\CodeIgniter->runController(Object(App\Controllers\Home))
 8 SYSTEMPATH\CodeIgniter.php(340): CodeIgniter\CodeIgniter->handleRequest(null, Object(Config\Cache), false)
 9 FCPATH\index.php(67): CodeIgniter\CodeIgniter->run()
CRITICAL - 2022-11-07 09:33:50 --> Undefined variable $usuario
in APPPATH\Views\usuarios\registrarUsuario.php on line 195.
 1 APPPATH\Views\usuarios\registrarUsuario.php(195): CodeIgniter\Debug\Exceptions->errorHandler(2, 'Undefined variable $usuario', 'APPPATH\\Views\\usuarios\\registrarUsuario.php', 195)
 2 SYSTEMPATH\View\View.php(213): include('APPPATH\\Views\\usuarios\\registrarUsuario.php')
 3 SYSTEMPATH\View\View.php(216): CodeIgniter\View\View->CodeIgniter\View\{closure}()
 4 SYSTEMPATH\Common.php(1142): CodeIgniter\View\View->render('usuarios/registrarUsuario', [], true)
 5 APPPATH\Controllers\Home.php(71): view('usuarios/registrarUsuario', [...])
 6 SYSTEMPATH\CodeIgniter.php(904): App\Controllers\Home->agregar_usuario()
 7 SYSTEMPATH\CodeIgniter.php(457): CodeIgniter\CodeIgniter->runController(Object(App\Controllers\Home))
 8 SYSTEMPATH\CodeIgniter.php(340): CodeIgniter\CodeIgniter->handleRequest(null, Object(Config\Cache), false)
 9 FCPATH\index.php(67): CodeIgniter\CodeIgniter->run()
CRITICAL - 2022-11-07 09:33:51 --> Undefined variable $usuario
in APPPATH\Views\usuarios\registrarUsuario.php on line 195.
 1 APPPATH\Views\usuarios\registrarUsuario.php(195): CodeIgniter\Debug\Exceptions->errorHandler(2, 'Undefined variable $usuario', 'APPPATH\\Views\\usuarios\\registrarUsuario.php', 195)
 2 SYSTEMPATH\View\View.php(213): include('APPPATH\\Views\\usuarios\\registrarUsuario.php')
 3 SYSTEMPATH\View\View.php(216): CodeIgniter\View\View->CodeIgniter\View\{closure}()
 4 SYSTEMPATH\Common.php(1142): CodeIgniter\View\View->render('usuarios/registrarUsuario', [], true)
 5 APPPATH\Controllers\Home.php(71): view('usuarios/registrarUsuario', [...])
 6 SYSTEMPATH\CodeIgniter.php(904): App\Controllers\Home->agregar_usuario()
 7 SYSTEMPATH\CodeIgniter.php(457): CodeIgniter\CodeIgniter->runController(Object(App\Controllers\Home))
 8 SYSTEMPATH\CodeIgniter.php(340): CodeIgniter\CodeIgniter->handleRequest(null, Object(Config\Cache), false)
 9 FCPATH\index.php(67): CodeIgniter\CodeIgniter->run()
CRITICAL - 2022-11-07 09:34:12 --> Undefined variable $usuarios
in APPPATH\Views\usuarios\registrarUsuario.php on line 195.
 1 APPPATH\Views\usuarios\registrarUsuario.php(195): CodeIgniter\Debug\Exceptions->errorHandler(2, 'Undefined variable $usuarios', 'APPPATH\\Views\\usuarios\\registrarUsuario.php', 195)
 2 SYSTEMPATH\View\View.php(213): include('APPPATH\\Views\\usuarios\\registrarUsuario.php')
 3 SYSTEMPATH\View\View.php(216): CodeIgniter\View\View->CodeIgniter\View\{closure}()
 4 SYSTEMPATH\Common.php(1142): CodeIgniter\View\View->render('usuarios/registrarUsuario', [], true)
 5 APPPATH\Controllers\Home.php(71): view('usuarios/registrarUsuario', [...])
 6 SYSTEMPATH\CodeIgniter.php(904): App\Controllers\Home->agregar_usuario()
 7 SYSTEMPATH\CodeIgniter.php(457): CodeIgniter\CodeIgniter->runController(Object(App\Controllers\Home))
 8 SYSTEMPATH\CodeIgniter.php(340): CodeIgniter\CodeIgniter->handleRequest(null, Object(Config\Cache), false)
 9 FCPATH\index.php(67): CodeIgniter\CodeIgniter->run()
CRITICAL - 2022-11-07 09:34:13 --> Undefined variable $usuarios
in APPPATH\Views\usuarios\registrarUsuario.php on line 195.
 1 APPPATH\Views\usuarios\registrarUsuario.php(195): CodeIgniter\Debug\Exceptions->errorHandler(2, 'Undefined variable $usuarios', 'APPPATH\\Views\\usuarios\\registrarUsuario.php', 195)
 2 SYSTEMPATH\View\View.php(213): include('APPPATH\\Views\\usuarios\\registrarUsuario.php')
 3 SYSTEMPATH\View\View.php(216): CodeIgniter\View\View->CodeIgniter\View\{closure}()
 4 SYSTEMPATH\Common.php(1142): CodeIgniter\View\View->render('usuarios/registrarUsuario', [], true)
 5 APPPATH\Controllers\Home.php(71): view('usuarios/registrarUsuario', [...])
 6 SYSTEMPATH\CodeIgniter.php(904): App\Controllers\Home->agregar_usuario()
 7 SYSTEMPATH\CodeIgniter.php(457): CodeIgniter\CodeIgniter->runController(Object(App\Controllers\Home))
 8 SYSTEMPATH\CodeIgniter.php(340): CodeIgniter\CodeIgniter->handleRequest(null, Object(Config\Cache), false)
 9 FCPATH\index.php(67): CodeIgniter\CodeIgniter->run()
CRITICAL - 2022-11-07 09:34:14 --> Undefined variable $usuarios
in APPPATH\Views\usuarios\registrarUsuario.php on line 195.
 1 APPPATH\Views\usuarios\registrarUsuario.php(195): CodeIgniter\Debug\Exceptions->errorHandler(2, 'Undefined variable $usuarios', 'APPPATH\\Views\\usuarios\\registrarUsuario.php', 195)
 2 SYSTEMPATH\View\View.php(213): include('APPPATH\\Views\\usuarios\\registrarUsuario.php')
 3 SYSTEMPATH\View\View.php(216): CodeIgniter\View\View->CodeIgniter\View\{closure}()
 4 SYSTEMPATH\Common.php(1142): CodeIgniter\View\View->render('usuarios/registrarUsuario', [], true)
 5 APPPATH\Controllers\Home.php(71): view('usuarios/registrarUsuario', [...])
 6 SYSTEMPATH\CodeIgniter.php(904): App\Controllers\Home->agregar_usuario()
 7 SYSTEMPATH\CodeIgniter.php(457): CodeIgniter\CodeIgniter->runController(Object(App\Controllers\Home))
 8 SYSTEMPATH\CodeIgniter.php(340): CodeIgniter\CodeIgniter->handleRequest(null, Object(Config\Cache), false)
 9 FCPATH\index.php(67): CodeIgniter\CodeIgniter->run()
CRITICAL - 2022-11-07 09:36:22 --> Undefined variable $usuarios
in APPPATH\Views\usuarios\registrarUsuario.php on line 195.
 1 APPPATH\Views\usuarios\registrarUsuario.php(195): CodeIgniter\Debug\Exceptions->errorHandler(2, 'Undefined variable $usuarios', 'APPPATH\\Views\\usuarios\\registrarUsuario.php', 195)
 2 SYSTEMPATH\View\View.php(213): include('APPPATH\\Views\\usuarios\\registrarUsuario.php')
 3 SYSTEMPATH\View\View.php(216): CodeIgniter\View\View->CodeIgniter\View\{closure}()
 4 SYSTEMPATH\Common.php(1142): CodeIgniter\View\View->render('usuarios/registrarUsuario', [], true)
 5 APPPATH\Controllers\Home.php(71): view('usuarios/registrarUsuario', [...])
 6 SYSTEMPATH\CodeIgniter.php(904): App\Controllers\Home->agregar_usuario()
 7 SYSTEMPATH\CodeIgniter.php(457): CodeIgniter\CodeIgniter->runController(Object(App\Controllers\Home))
 8 SYSTEMPATH\CodeIgniter.php(340): CodeIgniter\CodeIgniter->handleRequest(null, Object(Config\Cache), false)
 9 FCPATH\index.php(67): CodeIgniter\CodeIgniter->run()
CRITICAL - 2022-11-07 09:38:17 --> Undefined variable $usuarios
in APPPATH\Views\usuarios\registrarUsuario.php on line 195.
 1 APPPATH\Views\usuarios\registrarUsuario.php(195): CodeIgniter\Debug\Exceptions->errorHandler(2, 'Undefined variable $usuarios', 'APPPATH\\Views\\usuarios\\registrarUsuario.php', 195)
 2 SYSTEMPATH\View\View.php(213): include('APPPATH\\Views\\usuarios\\registrarUsuario.php')
 3 SYSTEMPATH\View\View.php(216): CodeIgniter\View\View->CodeIgniter\View\{closure}()
 4 SYSTEMPATH\Common.php(1142): CodeIgniter\View\View->render('usuarios/registrarUsuario', [], true)
 5 APPPATH\Controllers\Home.php(71): view('usuarios/registrarUsuario', [...])
 6 SYSTEMPATH\CodeIgniter.php(904): App\Controllers\Home->agregar_usuario()
 7 SYSTEMPATH\CodeIgniter.php(457): CodeIgniter\CodeIgniter->runController(Object(App\Controllers\Home))
 8 SYSTEMPATH\CodeIgniter.php(340): CodeIgniter\CodeIgniter->handleRequest(null, Object(Config\Cache), false)
 9 FCPATH\index.php(67): CodeIgniter\CodeIgniter->run()
CRITICAL - 2022-11-07 09:38:17 --> Undefined variable $usuarios
in APPPATH\Views\usuarios\registrarUsuario.php on line 195.
 1 APPPATH\Views\usuarios\registrarUsuario.php(195): CodeIgniter\Debug\Exceptions->errorHandler(2, 'Undefined variable $usuarios', 'APPPATH\\Views\\usuarios\\registrarUsuario.php', 195)
 2 SYSTEMPATH\View\View.php(213): include('APPPATH\\Views\\usuarios\\registrarUsuario.php')
 3 SYSTEMPATH\View\View.php(216): CodeIgniter\View\View->CodeIgniter\View\{closure}()
 4 SYSTEMPATH\Common.php(1142): CodeIgniter\View\View->render('usuarios/registrarUsuario', [], true)
 5 APPPATH\Controllers\Home.php(71): view('usuarios/registrarUsuario', [...])
 6 SYSTEMPATH\CodeIgniter.php(904): App\Controllers\Home->agregar_usuario()
 7 SYSTEMPATH\CodeIgniter.php(457): CodeIgniter\CodeIgniter->runController(Object(App\Controllers\Home))
 8 SYSTEMPATH\CodeIgniter.php(340): CodeIgniter\CodeIgniter->handleRequest(null, Object(Config\Cache), false)
 9 FCPATH\index.php(67): CodeIgniter\CodeIgniter->run()
CRITICAL - 2022-11-07 09:38:27 --> Undefined variable $usuarios
in APPPATH\Views\usuarios\registrarUsuario.php on line 195.
 1 APPPATH\Views\usuarios\registrarUsuario.php(195): CodeIgniter\Debug\Exceptions->errorHandler(2, 'Undefined variable $usuarios', 'APPPATH\\Views\\usuarios\\registrarUsuario.php', 195)
 2 SYSTEMPATH\View\View.php(213): include('APPPATH\\Views\\usuarios\\registrarUsuario.php')
 3 SYSTEMPATH\View\View.php(216): CodeIgniter\View\View->CodeIgniter\View\{closure}()
 4 SYSTEMPATH\Common.php(1142): CodeIgniter\View\View->render('usuarios/registrarUsuario', [], true)
 5 APPPATH\Controllers\Home.php(71): view('usuarios/registrarUsuario', [...])
 6 SYSTEMPATH\CodeIgniter.php(904): App\Controllers\Home->agregar_usuario()
 7 SYSTEMPATH\CodeIgniter.php(457): CodeIgniter\CodeIgniter->runController(Object(App\Controllers\Home))
 8 SYSTEMPATH\CodeIgniter.php(340): CodeIgniter\CodeIgniter->handleRequest(null, Object(Config\Cache), false)
 9 FCPATH\index.php(67): CodeIgniter\CodeIgniter->run()
CRITICAL - 2022-11-07 09:38:27 --> Undefined variable $usuarios
in APPPATH\Views\usuarios\registrarUsuario.php on line 195.
 1 APPPATH\Views\usuarios\registrarUsuario.php(195): CodeIgniter\Debug\Exceptions->errorHandler(2, 'Undefined variable $usuarios', 'APPPATH\\Views\\usuarios\\registrarUsuario.php', 195)
 2 SYSTEMPATH\View\View.php(213): include('APPPATH\\Views\\usuarios\\registrarUsuario.php')
 3 SYSTEMPATH\View\View.php(216): CodeIgniter\View\View->CodeIgniter\View\{closure}()
 4 SYSTEMPATH\Common.php(1142): CodeIgniter\View\View->render('usuarios/registrarUsuario', [], true)
 5 APPPATH\Controllers\Home.php(71): view('usuarios/registrarUsuario', [...])
 6 SYSTEMPATH\CodeIgniter.php(904): App\Controllers\Home->agregar_usuario()
 7 SYSTEMPATH\CodeIgniter.php(457): CodeIgniter\CodeIgniter->runController(Object(App\Controllers\Home))
 8 SYSTEMPATH\CodeIgniter.php(340): CodeIgniter\CodeIgniter->handleRequest(null, Object(Config\Cache), false)
 9 FCPATH\index.php(67): CodeIgniter\CodeIgniter->run()
CRITICAL - 2022-11-07 09:38:28 --> Undefined variable $usuarios
in APPPATH\Views\usuarios\registrarUsuario.php on line 195.
 1 APPPATH\Views\usuarios\registrarUsuario.php(195): CodeIgniter\Debug\Exceptions->errorHandler(2, 'Undefined variable $usuarios', 'APPPATH\\Views\\usuarios\\registrarUsuario.php', 195)
 2 SYSTEMPATH\View\View.php(213): include('APPPATH\\Views\\usuarios\\registrarUsuario.php')
 3 SYSTEMPATH\View\View.php(216): CodeIgniter\View\View->CodeIgniter\View\{closure}()
 4 SYSTEMPATH\Common.php(1142): CodeIgniter\View\View->render('usuarios/registrarUsuario', [], true)
 5 APPPATH\Controllers\Home.php(71): view('usuarios/registrarUsuario', [...])
 6 SYSTEMPATH\CodeIgniter.php(904): App\Controllers\Home->agregar_usuario()
 7 SYSTEMPATH\CodeIgniter.php(457): CodeIgniter\CodeIgniter->runController(Object(App\Controllers\Home))
 8 SYSTEMPATH\CodeIgniter.php(340): CodeIgniter\CodeIgniter->handleRequest(null, Object(Config\Cache), false)
 9 FCPATH\index.php(67): CodeIgniter\CodeIgniter->run()
CRITICAL - 2022-11-07 09:38:29 --> Undefined variable $usuarios
in APPPATH\Views\usuarios\registrarUsuario.php on line 195.
 1 APPPATH\Views\usuarios\registrarUsuario.php(195): CodeIgniter\Debug\Exceptions->errorHandler(2, 'Undefined variable $usuarios', 'APPPATH\\Views\\usuarios\\registrarUsuario.php', 195)
 2 SYSTEMPATH\View\View.php(213): include('APPPATH\\Views\\usuarios\\registrarUsuario.php')
 3 SYSTEMPATH\View\View.php(216): CodeIgniter\View\View->CodeIgniter\View\{closure}()
 4 SYSTEMPATH\Common.php(1142): CodeIgniter\View\View->render('usuarios/registrarUsuario', [], true)
 5 APPPATH\Controllers\Home.php(71): view('usuarios/registrarUsuario', [...])
 6 SYSTEMPATH\CodeIgniter.php(904): App\Controllers\Home->agregar_usuario()
 7 SYSTEMPATH\CodeIgniter.php(457): CodeIgniter\CodeIgniter->runController(Object(App\Controllers\Home))
 8 SYSTEMPATH\CodeIgniter.php(340): CodeIgniter\CodeIgniter->handleRequest(null, Object(Config\Cache), false)
 9 FCPATH\index.php(67): CodeIgniter\CodeIgniter->run()
CRITICAL - 2022-11-07 09:39:43 --> Undefined variable $usuarios
in APPPATH\Views\usuarios\registrarUsuario.php on line 195.
 1 APPPATH\Views\usuarios\registrarUsuario.php(195): CodeIgniter\Debug\Exceptions->errorHandler(2, 'Undefined variable $usuarios', 'APPPATH\\Views\\usuarios\\registrarUsuario.php', 195)
 2 SYSTEMPATH\View\View.php(213): include('APPPATH\\Views\\usuarios\\registrarUsuario.php')
 3 SYSTEMPATH\View\View.php(216): CodeIgniter\View\View->CodeIgniter\View\{closure}()
 4 SYSTEMPATH\Common.php(1142): CodeIgniter\View\View->render('usuarios/registrarUsuario', [], true)
 5 APPPATH\Controllers\Home.php(71): view('usuarios/registrarUsuario', [...])
 6 SYSTEMPATH\CodeIgniter.php(904): App\Controllers\Home->agregar_usuario()
 7 SYSTEMPATH\CodeIgniter.php(457): CodeIgniter\CodeIgniter->runController(Object(App\Controllers\Home))
 8 SYSTEMPATH\CodeIgniter.php(340): CodeIgniter\CodeIgniter->handleRequest(null, Object(Config\Cache), false)
 9 FCPATH\index.php(67): CodeIgniter\CodeIgniter->run()
CRITICAL - 2022-11-07 09:39:44 --> Undefined variable $usuarios
in APPPATH\Views\usuarios\registrarUsuario.php on line 195.
 1 APPPATH\Views\usuarios\registrarUsuario.php(195): CodeIgniter\Debug\Exceptions->errorHandler(2, 'Undefined variable $usuarios', 'APPPATH\\Views\\usuarios\\registrarUsuario.php', 195)
 2 SYSTEMPATH\View\View.php(213): include('APPPATH\\Views\\usuarios\\registrarUsuario.php')
 3 SYSTEMPATH\View\View.php(216): CodeIgniter\View\View->CodeIgniter\View\{closure}()
 4 SYSTEMPATH\Common.php(1142): CodeIgniter\View\View->render('usuarios/registrarUsuario', [], true)
 5 APPPATH\Controllers\Home.php(71): view('usuarios/registrarUsuario', [...])
 6 SYSTEMPATH\CodeIgniter.php(904): App\Controllers\Home->agregar_usuario()
 7 SYSTEMPATH\CodeIgniter.php(457): CodeIgniter\CodeIgniter->runController(Object(App\Controllers\Home))
 8 SYSTEMPATH\CodeIgniter.php(340): CodeIgniter\CodeIgniter->handleRequest(null, Object(Config\Cache), false)
 9 FCPATH\index.php(67): CodeIgniter\CodeIgniter->run()
CRITICAL - 2022-11-07 09:39:44 --> Undefined variable $usuarios
in APPPATH\Views\usuarios\registrarUsuario.php on line 195.
 1 APPPATH\Views\usuarios\registrarUsuario.php(195): CodeIgniter\Debug\Exceptions->errorHandler(2, 'Undefined variable $usuarios', 'APPPATH\\Views\\usuarios\\registrarUsuario.php', 195)
 2 SYSTEMPATH\View\View.php(213): include('APPPATH\\Views\\usuarios\\registrarUsuario.php')
 3 SYSTEMPATH\View\View.php(216): CodeIgniter\View\View->CodeIgniter\View\{closure}()
 4 SYSTEMPATH\Common.php(1142): CodeIgniter\View\View->render('usuarios/registrarUsuario', [], true)
 5 APPPATH\Controllers\Home.php(71): view('usuarios/registrarUsuario', [...])
 6 SYSTEMPATH\CodeIgniter.php(904): App\Controllers\Home->agregar_usuario()
 7 SYSTEMPATH\CodeIgniter.php(457): CodeIgniter\CodeIgniter->runController(Object(App\Controllers\Home))
 8 SYSTEMPATH\CodeIgniter.php(340): CodeIgniter\CodeIgniter->handleRequest(null, Object(Config\Cache), false)
 9 FCPATH\index.php(67): CodeIgniter\CodeIgniter->run()
CRITICAL - 2022-11-07 09:42:27 --> Undefined variable $usuarios
in APPPATH\Views\usuarios\registrarUsuario.php on line 195.
 1 APPPATH\Views\usuarios\registrarUsuario.php(195): CodeIgniter\Debug\Exceptions->errorHandler(2, 'Undefined variable $usuarios', 'APPPATH\\Views\\usuarios\\registrarUsuario.php', 195)
 2 SYSTEMPATH\View\View.php(213): include('APPPATH\\Views\\usuarios\\registrarUsuario.php')
 3 SYSTEMPATH\View\View.php(216): CodeIgniter\View\View->CodeIgniter\View\{closure}()
 4 SYSTEMPATH\Common.php(1142): CodeIgniter\View\View->render('usuarios/registrarUsuario', [], true)
 5 APPPATH\Controllers\Home.php(71): view('usuarios/registrarUsuario', [...])
 6 SYSTEMPATH\CodeIgniter.php(904): App\Controllers\Home->agregar_usuario()
 7 SYSTEMPATH\CodeIgniter.php(457): CodeIgniter\CodeIgniter->runController(Object(App\Controllers\Home))
 8 SYSTEMPATH\CodeIgniter.php(340): CodeIgniter\CodeIgniter->handleRequest(null, Object(Config\Cache), false)
 9 FCPATH\index.php(67): CodeIgniter\CodeIgniter->run()
CRITICAL - 2022-11-07 09:42:28 --> Undefined variable $usuarios
in APPPATH\Views\usuarios\registrarUsuario.php on line 195.
 1 APPPATH\Views\usuarios\registrarUsuario.php(195): CodeIgniter\Debug\Exceptions->errorHandler(2, 'Undefined variable $usuarios', 'APPPATH\\Views\\usuarios\\registrarUsuario.php', 195)
 2 SYSTEMPATH\View\View.php(213): include('APPPATH\\Views\\usuarios\\registrarUsuario.php')
 3 SYSTEMPATH\View\View.php(216): CodeIgniter\View\View->CodeIgniter\View\{closure}()
 4 SYSTEMPATH\Common.php(1142): CodeIgniter\View\View->render('usuarios/registrarUsuario', [], true)
 5 APPPATH\Controllers\Home.php(71): view('usuarios/registrarUsuario', [...])
 6 SYSTEMPATH\CodeIgniter.php(904): App\Controllers\Home->agregar_usuario()
 7 SYSTEMPATH\CodeIgniter.php(457): CodeIgniter\CodeIgniter->runController(Object(App\Controllers\Home))
 8 SYSTEMPATH\CodeIgniter.php(340): CodeIgniter\CodeIgniter->handleRequest(null, Object(Config\Cache), false)
 9 FCPATH\index.php(67): CodeIgniter\CodeIgniter->run()
CRITICAL - 2022-11-07 09:42:28 --> Undefined variable $usuarios
in APPPATH\Views\usuarios\registrarUsuario.php on line 195.
 1 APPPATH\Views\usuarios\registrarUsuario.php(195): CodeIgniter\Debug\Exceptions->errorHandler(2, 'Undefined variable $usuarios', 'APPPATH\\Views\\usuarios\\registrarUsuario.php', 195)
 2 SYSTEMPATH\View\View.php(213): include('APPPATH\\Views\\usuarios\\registrarUsuario.php')
 3 SYSTEMPATH\View\View.php(216): CodeIgniter\View\View->CodeIgniter\View\{closure}()
 4 SYSTEMPATH\Common.php(1142): CodeIgniter\View\View->render('usuarios/registrarUsuario', [], true)
 5 APPPATH\Controllers\Home.php(71): view('usuarios/registrarUsuario', [...])
 6 SYSTEMPATH\CodeIgniter.php(904): App\Controllers\Home->agregar_usuario()
 7 SYSTEMPATH\CodeIgniter.php(457): CodeIgniter\CodeIgniter->runController(Object(App\Controllers\Home))
 8 SYSTEMPATH\CodeIgniter.php(340): CodeIgniter\CodeIgniter->handleRequest(null, Object(Config\Cache), false)
 9 FCPATH\index.php(67): CodeIgniter\CodeIgniter->run()
CRITICAL - 2022-11-07 09:42:38 --> Undefined variable $usuarios
in APPPATH\Views\usuarios\registrarUsuario.php on line 195.
 1 APPPATH\Views\usuarios\registrarUsuario.php(195): CodeIgniter\Debug\Exceptions->errorHandler(2, 'Undefined variable $usuarios', 'APPPATH\\Views\\usuarios\\registrarUsuario.php', 195)
 2 SYSTEMPATH\View\View.php(213): include('APPPATH\\Views\\usuarios\\registrarUsuario.php')
 3 SYSTEMPATH\View\View.php(216): CodeIgniter\View\View->CodeIgniter\View\{closure}()
 4 SYSTEMPATH\Common.php(1142): CodeIgniter\View\View->render('usuarios/registrarUsuario', [], true)
 5 APPPATH\Controllers\Home.php(71): view('usuarios/registrarUsuario', [...])
 6 SYSTEMPATH\CodeIgniter.php(904): App\Controllers\Home->agregar_usuario()
 7 SYSTEMPATH\CodeIgniter.php(457): CodeIgniter\CodeIgniter->runController(Object(App\Controllers\Home))
 8 SYSTEMPATH\CodeIgniter.php(340): CodeIgniter\CodeIgniter->handleRequest(null, Object(Config\Cache), false)
 9 FCPATH\index.php(67): CodeIgniter\CodeIgniter->run()
CRITICAL - 2022-11-07 09:46:58 --> Undefined array key "id_usuario"
in APPPATH\Views\usuarios\registrarUsuario.php on line 195.
 1 APPPATH\Views\usuarios\registrarUsuario.php(195): CodeIgniter\Debug\Exceptions->errorHandler(2, 'Undefined array key "id_usuario"', 'APPPATH\\Views\\usuarios\\registrarUsuario.php', 195)
 2 SYSTEMPATH\View\View.php(213): include('APPPATH\\Views\\usuarios\\registrarUsuario.php')
 3 SYSTEMPATH\View\View.php(216): CodeIgniter\View\View->CodeIgniter\View\{closure}()
 4 SYSTEMPATH\Common.php(1142): CodeIgniter\View\View->render('usuarios/registrarUsuario', [], true)
 5 APPPATH\Controllers\Home.php(71): view('usuarios/registrarUsuario', [...])
 6 SYSTEMPATH\CodeIgniter.php(904): App\Controllers\Home->agregar_usuario()
 7 SYSTEMPATH\CodeIgniter.php(457): CodeIgniter\CodeIgniter->runController(Object(App\Controllers\Home))
 8 SYSTEMPATH\CodeIgniter.php(340): CodeIgniter\CodeIgniter->handleRequest(null, Object(Config\Cache), false)
 9 FCPATH\index.php(67): CodeIgniter\CodeIgniter->run()
CRITICAL - 2022-11-07 09:50:18 --> Undefined array key "id_usuario"
in APPPATH\Views\usuarios\registrarUsuario.php on line 195.
 1 APPPATH\Views\usuarios\registrarUsuario.php(195): CodeIgniter\Debug\Exceptions->errorHandler(2, 'Undefined array key "id_usuario"', 'APPPATH\\Views\\usuarios\\registrarUsuario.php', 195)
 2 SYSTEMPATH\View\View.php(213): include('APPPATH\\Views\\usuarios\\registrarUsuario.php')
 3 SYSTEMPATH\View\View.php(216): CodeIgniter\View\View->CodeIgniter\View\{closure}()
 4 SYSTEMPATH\Common.php(1142): CodeIgniter\View\View->render('usuarios/registrarUsuario', [], true)
 5 APPPATH\Controllers\Home.php(71): view('usuarios/registrarUsuario', [...])
 6 SYSTEMPATH\CodeIgniter.php(904): App\Controllers\Home->agregar_usuario()
 7 SYSTEMPATH\CodeIgniter.php(457): CodeIgniter\CodeIgniter->runController(Object(App\Controllers\Home))
 8 SYSTEMPATH\CodeIgniter.php(340): CodeIgniter\CodeIgniter->handleRequest(null, Object(Config\Cache), false)
 9 FCPATH\index.php(67): CodeIgniter\CodeIgniter->run()
CRITICAL - 2022-11-07 09:56:36 --> Undefined variable $usuarios
in APPPATH\Views\usuarios\registrarUsuario.php on line 195.
 1 APPPATH\Views\usuarios\registrarUsuario.php(195): CodeIgniter\Debug\Exceptions->errorHandler(2, 'Undefined variable $usuarios', 'APPPATH\\Views\\usuarios\\registrarUsuario.php', 195)
 2 SYSTEMPATH\View\View.php(213): include('APPPATH\\Views\\usuarios\\registrarUsuario.php')
 3 SYSTEMPATH\View\View.php(216): CodeIgniter\View\View->CodeIgniter\View\{closure}()
 4 SYSTEMPATH\Common.php(1142): CodeIgniter\View\View->render('usuarios/registrarUsuario', [], true)
 5 APPPATH\Controllers\Home.php(71): view('usuarios/registrarUsuario', [...])
 6 SYSTEMPATH\CodeIgniter.php(904): App\Controllers\Home->agregar_usuario()
 7 SYSTEMPATH\CodeIgniter.php(457): CodeIgniter\CodeIgniter->runController(Object(App\Controllers\Home))
 8 SYSTEMPATH\CodeIgniter.php(340): CodeIgniter\CodeIgniter->handleRequest(null, Object(Config\Cache), false)
 9 FCPATH\index.php(67): CodeIgniter\CodeIgniter->run()
CRITICAL - 2022-11-07 09:56:37 --> Undefined variable $usuarios
in APPPATH\Views\usuarios\registrarUsuario.php on line 195.
 1 APPPATH\Views\usuarios\registrarUsuario.php(195): CodeIgniter\Debug\Exceptions->errorHandler(2, 'Undefined variable $usuarios', 'APPPATH\\Views\\usuarios\\registrarUsuario.php', 195)
 2 SYSTEMPATH\View\View.php(213): include('APPPATH\\Views\\usuarios\\registrarUsuario.php')
 3 SYSTEMPATH\View\View.php(216): CodeIgniter\View\View->CodeIgniter\View\{closure}()
 4 SYSTEMPATH\Common.php(1142): CodeIgniter\View\View->render('usuarios/registrarUsuario', [], true)
 5 APPPATH\Controllers\Home.php(71): view('usuarios/registrarUsuario', [...])
 6 SYSTEMPATH\CodeIgniter.php(904): App\Controllers\Home->agregar_usuario()
 7 SYSTEMPATH\CodeIgniter.php(457): CodeIgniter\CodeIgniter->runController(Object(App\Controllers\Home))
 8 SYSTEMPATH\CodeIgniter.php(340): CodeIgniter\CodeIgniter->handleRequest(null, Object(Config\Cache), false)
 9 FCPATH\index.php(67): CodeIgniter\CodeIgniter->run()
CRITICAL - 2022-11-07 09:56:41 --> Undefined variable $usuarios
in APPPATH\Views\usuarios\registrarUsuario.php on line 195.
 1 APPPATH\Views\usuarios\registrarUsuario.php(195): CodeIgniter\Debug\Exceptions->errorHandler(2, 'Undefined variable $usuarios', 'APPPATH\\Views\\usuarios\\registrarUsuario.php', 195)
 2 SYSTEMPATH\View\View.php(213): include('APPPATH\\Views\\usuarios\\registrarUsuario.php')
 3 SYSTEMPATH\View\View.php(216): CodeIgniter\View\View->CodeIgniter\View\{closure}()
 4 SYSTEMPATH\Common.php(1142): CodeIgniter\View\View->render('usuarios/registrarUsuario', [], true)
 5 APPPATH\Controllers\Home.php(71): view('usuarios/registrarUsuario', [...])
 6 SYSTEMPATH\CodeIgniter.php(904): App\Controllers\Home->agregar_usuario()
 7 SYSTEMPATH\CodeIgniter.php(457): CodeIgniter\CodeIgniter->runController(Object(App\Controllers\Home))
 8 SYSTEMPATH\CodeIgniter.php(340): CodeIgniter\CodeIgniter->handleRequest(null, Object(Config\Cache), false)
 9 FCPATH\index.php(67): CodeIgniter\CodeIgniter->run()
CRITICAL - 2022-11-07 10:07:02 --> Undefined variable $item1
in APPPATH\Views\usuarios\registrarUsuario.php on line 187.
 1 APPPATH\Views\usuarios\registrarUsuario.php(187): CodeIgniter\Debug\Exceptions->errorHandler(2, 'Undefined variable $item1', 'APPPATH\\Views\\usuarios\\registrarUsuario.php', 187)
 2 SYSTEMPATH\View\View.php(213): include('APPPATH\\Views\\usuarios\\registrarUsuario.php')
 3 SYSTEMPATH\View\View.php(216): CodeIgniter\View\View->CodeIgniter\View\{closure}()
 4 SYSTEMPATH\Common.php(1142): CodeIgniter\View\View->render('usuarios/registrarUsuario', [], true)
 5 APPPATH\Controllers\Home.php(71): view('usuarios/registrarUsuario', [...])
 6 SYSTEMPATH\CodeIgniter.php(904): App\Controllers\Home->agregar_usuario()
 7 SYSTEMPATH\CodeIgniter.php(457): CodeIgniter\CodeIgniter->runController(Object(App\Controllers\Home))
 8 SYSTEMPATH\CodeIgniter.php(340): CodeIgniter\CodeIgniter->handleRequest(null, Object(Config\Cache), false)
 9 FCPATH\index.php(67): CodeIgniter\CodeIgniter->run()
CRITICAL - 2022-11-07 10:07:37 --> Undefined array key "item"
in APPPATH\Views\usuarios\registrarUsuario.php on line 195.
 1 APPPATH\Views\usuarios\registrarUsuario.php(195): CodeIgniter\Debug\Exceptions->errorHandler(2, 'Undefined array key "item"', 'APPPATH\\Views\\usuarios\\registrarUsuario.php', 195)
 2 SYSTEMPATH\View\View.php(213): include('APPPATH\\Views\\usuarios\\registrarUsuario.php')
 3 SYSTEMPATH\View\View.php(216): CodeIgniter\View\View->CodeIgniter\View\{closure}()
 4 SYSTEMPATH\Common.php(1142): CodeIgniter\View\View->render('usuarios/registrarUsuario', [], true)
 5 APPPATH\Controllers\Home.php(71): view('usuarios/registrarUsuario', [...])
 6 SYSTEMPATH\CodeIgniter.php(904): App\Controllers\Home->agregar_usuario()
 7 SYSTEMPATH\CodeIgniter.php(457): CodeIgniter\CodeIgniter->runController(Object(App\Controllers\Home))
 8 SYSTEMPATH\CodeIgniter.php(340): CodeIgniter\CodeIgniter->handleRequest(null, Object(Config\Cache), false)
 9 FCPATH\index.php(67): CodeIgniter\CodeIgniter->run()
CRITICAL - 2022-11-07 10:07:50 --> Undefined array key "id_usuario"
in APPPATH\Views\usuarios\registrarUsuario.php on line 195.
 1 APPPATH\Views\usuarios\registrarUsuario.php(195): CodeIgniter\Debug\Exceptions->errorHandler(2, 'Undefined array key "id_usuario"', 'APPPATH\\Views\\usuarios\\registrarUsuario.php', 195)
 2 SYSTEMPATH\View\View.php(213): include('APPPATH\\Views\\usuarios\\registrarUsuario.php')
 3 SYSTEMPATH\View\View.php(216): CodeIgniter\View\View->CodeIgniter\View\{closure}()
 4 SYSTEMPATH\Common.php(1142): CodeIgniter\View\View->render('usuarios/registrarUsuario', [], true)
 5 APPPATH\Controllers\Home.php(71): view('usuarios/registrarUsuario', [...])
 6 SYSTEMPATH\CodeIgniter.php(904): App\Controllers\Home->agregar_usuario()
 7 SYSTEMPATH\CodeIgniter.php(457): CodeIgniter\CodeIgniter->runController(Object(App\Controllers\Home))
 8 SYSTEMPATH\CodeIgniter.php(340): CodeIgniter\CodeIgniter->handleRequest(null, Object(Config\Cache), false)
 9 FCPATH\index.php(67): CodeIgniter\CodeIgniter->run()
CRITICAL - 2022-11-07 10:08:58 --> Undefined variable $usuarios
in APPPATH\Views\usuarios\registrarUsuario.php on line 183.
 1 APPPATH\Views\usuarios\registrarUsuario.php(183): CodeIgniter\Debug\Exceptions->errorHandler(2, 'Undefined variable $usuarios', 'APPPATH\\Views\\usuarios\\registrarUsuario.php', 183)
 2 SYSTEMPATH\View\View.php(213): include('APPPATH\\Views\\usuarios\\registrarUsuario.php')
 3 SYSTEMPATH\View\View.php(216): CodeIgniter\View\View->CodeIgniter\View\{closure}()
 4 SYSTEMPATH\Common.php(1142): CodeIgniter\View\View->render('usuarios/registrarUsuario', [], true)
 5 APPPATH\Controllers\Home.php(71): view('usuarios/registrarUsuario', [...])
 6 SYSTEMPATH\CodeIgniter.php(904): App\Controllers\Home->agregar_usuario()
 7 SYSTEMPATH\CodeIgniter.php(457): CodeIgniter\CodeIgniter->runController(Object(App\Controllers\Home))
 8 SYSTEMPATH\CodeIgniter.php(340): CodeIgniter\CodeIgniter->handleRequest(null, Object(Config\Cache), false)
 9 FCPATH\index.php(67): CodeIgniter\CodeIgniter->run()
CRITICAL - 2022-11-07 10:09:24 --> Undefined array key "id_usuario"
in APPPATH\Views\usuarios\registrarUsuario.php on line 195.
 1 APPPATH\Views\usuarios\registrarUsuario.php(195): CodeIgniter\Debug\Exceptions->errorHandler(2, 'Undefined array key "id_usuario"', 'APPPATH\\Views\\usuarios\\registrarUsuario.php', 195)
 2 SYSTEMPATH\View\View.php(213): include('APPPATH\\Views\\usuarios\\registrarUsuario.php')
 3 SYSTEMPATH\View\View.php(216): CodeIgniter\View\View->CodeIgniter\View\{closure}()
 4 SYSTEMPATH\Common.php(1142): CodeIgniter\View\View->render('usuarios/registrarUsuario', [], true)
 5 APPPATH\Controllers\Home.php(71): view('usuarios/registrarUsuario', [...])
 6 SYSTEMPATH\CodeIgniter.php(904): App\Controllers\Home->agregar_usuario()
 7 SYSTEMPATH\CodeIgniter.php(457): CodeIgniter\CodeIgniter->runController(Object(App\Controllers\Home))
 8 SYSTEMPATH\CodeIgniter.php(340): CodeIgniter\CodeIgniter->handleRequest(null, Object(Config\Cache), false)
 9 FCPATH\index.php(67): CodeIgniter\CodeIgniter->run()
CRITICAL - 2022-11-07 10:56:25 --> syntax error, unexpected token "endif"
in APPPATH\Controllers\Home.php on line 270.
 1 SYSTEMPATH\Router\Router.php(499): CodeIgniter\Router\AutoRouter->getRoute('Home/agregar_usuario')
 2 SYSTEMPATH\Router\Router.php(205): CodeIgniter\Router\Router->autoRoute('Home/agregar_usuario')
 3 SYSTEMPATH\CodeIgniter.php(779): CodeIgniter\Router\Router->handle('Home/agregar_usuario')
 4 SYSTEMPATH\CodeIgniter.php(406): CodeIgniter\CodeIgniter->tryToRouteIt(Object(CodeIgniter\Router\RouteCollection))
 5 SYSTEMPATH\CodeIgniter.php(340): CodeIgniter\CodeIgniter->handleRequest(null, Object(Config\Cache), false)
 6 FCPATH\index.php(67): CodeIgniter\CodeIgniter->run()
CRITICAL - 2022-11-07 10:56:51 --> syntax error, unexpected token "else"
in APPPATH\Controllers\Home.php on line 269.
 1 SYSTEMPATH\Router\Router.php(499): CodeIgniter\Router\AutoRouter->getRoute('Home/agregar_usuario')
 2 SYSTEMPATH\Router\Router.php(205): CodeIgniter\Router\Router->autoRoute('Home/agregar_usuario')
 3 SYSTEMPATH\CodeIgniter.php(779): CodeIgniter\Router\Router->handle('Home/agregar_usuario')
 4 SYSTEMPATH\CodeIgniter.php(406): CodeIgniter\CodeIgniter->tryToRouteIt(Object(CodeIgniter\Router\RouteCollection))
 5 SYSTEMPATH\CodeIgniter.php(340): CodeIgniter\CodeIgniter->handleRequest(null, Object(Config\Cache), false)
 6 FCPATH\index.php(67): CodeIgniter\CodeIgniter->run()
CRITICAL - 2022-11-07 10:57:09 --> syntax error, unexpected token "endif"
in APPPATH\Controllers\Home.php on line 271.
 1 SYSTEMPATH\Router\Router.php(499): CodeIgniter\Router\AutoRouter->getRoute('Home/agregar_usuario')
 2 SYSTEMPATH\Router\Router.php(205): CodeIgniter\Router\Router->autoRoute('Home/agregar_usuario')
 3 SYSTEMPATH\CodeIgniter.php(779): CodeIgniter\Router\Router->handle('Home/agregar_usuario')
 4 SYSTEMPATH\CodeIgniter.php(406): CodeIgniter\CodeIgniter->tryToRouteIt(Object(CodeIgniter\Router\RouteCollection))
 5 SYSTEMPATH\CodeIgniter.php(340): CodeIgniter\CodeIgniter->handleRequest(null, Object(Config\Cache), false)
 6 FCPATH\index.php(67): CodeIgniter\CodeIgniter->run()
CRITICAL - 2022-11-07 10:57:17 --> Class "App\Models\usuarios" not found
in APPPATH\Controllers\Home.php on line 265.
 1 SYSTEMPATH\CodeIgniter.php(904): App\Controllers\Home->borrarUsuarios('33')
 2 SYSTEMPATH\CodeIgniter.php(457): CodeIgniter\CodeIgniter->runController(Object(App\Controllers\Home))
 3 SYSTEMPATH\CodeIgniter.php(340): CodeIgniter\CodeIgniter->handleRequest(null, Object(Config\Cache), false)
 4 FCPATH\index.php(67): CodeIgniter\CodeIgniter->run()
