ERROR - 2022-12-16 13:24:59 --> Email: Unable to send email using PHP SMTP. Your server might not be configured to send mail using this method.
ERROR - 2022-12-16 13:24:59 --> 220 smtp.googlemail.com ESMTP o33-20020a05687107a100b001442fada152sm1305666oap.46 - gsmtp

hello: 250-smtp.googlemail.com at your service, [186.11.110.72]
250-SIZE 35882577
250-8BITMIME
250-AUTH LOGIN PLAIN XOAUTH2 PLAIN-CLIENTTOKEN OAUTHBEARER XOAUTH
250-ENHANCEDSTATUSCODES
250-PIPELINING
250-CHUNKING
250 SMTPUTF8

from: 250 2.1.0 OK o33-20020a05687107a100b001442fada152sm1305666oap.46 - gsmtp

to: 555 5.5.2 Syntax error. o33-20020a05687107a100b001442fada152sm1305666oap.46 - gsmtp

The following SMTP error was encountered: 555 5.5.2 Syntax error. o33-20020a05687107a100b001442fada152sm1305666oap.46 - gsmtp

quit: 221 2.0.0 closing connection o33-20020a05687107a100b001442fada152sm1305666oap.46 - gsmtp

CRITICAL - 2022-12-16 13:24:59 --> CodeIgniter\BaseModel::transformDataToArray(): Return value must be of type array, string returned
in SYSTEMPATH\BaseModel.php on line 1599.
 1 SYSTEMPATH\BaseModel.php(704): CodeIgniter\BaseModel->transformDataToArray('220 smtp.googlemail.com ESMTP o33-20020a05687107a100b001442fada152sm1305666oap.46 - gsmtp
<br /><pre>hello: 250-smtp.googlemail.com at your service, [186.11.110.72]
250-SIZE 35882577
250-8BITMIME
250-AUTH LOGIN PLAIN XOAUTH2 PLAIN-CLIENTTOKEN OAUTHBEARER XOAUTH
250-ENHANCEDSTATUSCODES
250-PIPELINING
250-CHUNKING
250 SMTPUTF8
</pre><pre>from: 250 2.1.0 OK o33-20020a05687107a100b001442fada152sm1305666oap.46 - gsmtp
</pre><pre>to: 555 5.5.2 Syntax error. o33-20020a05687107a100b001442fada152sm1305666oap.46 - gsmtp
</pre>The following SMTP error was encountered: 555 5.5.2 Syntax error. o33-20020a05687107a100b001442fada152sm1305666oap.46 - gsmtp
<br /><pre>quit: 221 2.0.0 closing connection o33-20020a05687107a100b001442fada152sm1305666oap.46 - gsmtp
</pre>Unable to send email using PHP SMTP. Your server might not be configured to send mail using this method.<br /><pre>Date: Fri, 16 Dec 2022 13:24:57 -0600
From: &quot;Confirm Registration&quot; &lt;n_vargas@alumnos.upla.cl&gt;
Return-Path: &lt;n_vargas@alumnos.upla.cl&gt;
Subject: =?UTF-8?Q?hola=20bienvenido=20al=20Aula?=
Reply-To: &lt;n_vargas@alumnos.upla.cl&gt;
User-Agent: CodeIgniter
X-Sender: n_vargas@alumnos.upla.cl
X-Mailer: CodeIgniter
X-Priority: 3 (Normal)
Message-ID: &lt;639cc60977f2e8.52118982@alumnos.upla.cl&gt;
Mime-Version: 1.0

</pre>', 'insert')
 2 SYSTEMPATH\Model.php(667): CodeIgniter\BaseModel->insert('220 smtp.googlemail.com ESMTP o33-20020a05687107a100b001442fada152sm1305666oap.46 - gsmtp
<br /><pre>hello: 250-smtp.googlemail.com at your service, [186.11.110.72]
250-SIZE 35882577
250-8BITMIME
250-AUTH LOGIN PLAIN XOAUTH2 PLAIN-CLIENTTOKEN OAUTHBEARER XOAUTH
250-ENHANCEDSTATUSCODES
250-PIPELINING
250-CHUNKING
250 SMTPUTF8
</pre><pre>from: 250 2.1.0 OK o33-20020a05687107a100b001442fada152sm1305666oap.46 - gsmtp
</pre><pre>to: 555 5.5.2 Syntax error. o33-20020a05687107a100b001442fada152sm1305666oap.46 - gsmtp
</pre>The following SMTP error was encountered: 555 5.5.2 Syntax error. o33-20020a05687107a100b001442fada152sm1305666oap.46 - gsmtp
<br /><pre>quit: 221 2.0.0 closing connection o33-20020a05687107a100b001442fada152sm1305666oap.46 - gsmtp
</pre>Unable to send email using PHP SMTP. Your server might not be configured to send mail using this method.<br /><pre>Date: Fri, 16 Dec 2022 13:24:57 -0600
From: &quot;Confirm Registration&quot; &lt;n_vargas@alumnos.upla.cl&gt;
Return-Path: &lt;n_vargas@alumnos.upla.cl&gt;
Subject: =?UTF-8?Q?hola=20bienvenido=20al=20Aula?=
Reply-To: &lt;n_vargas@alumnos.upla.cl&gt;
User-Agent: CodeIgniter
X-Sender: n_vargas@alumnos.upla.cl
X-Mailer: CodeIgniter
X-Priority: 3 (Normal)
Message-ID: &lt;639cc60977f2e8.52118982@alumnos.upla.cl&gt;
Mime-Version: 1.0

</pre>', true)
 3 APPPATH\Controllers\Home.php(299): CodeIgniter\Model->insert('220 smtp.googlemail.com ESMTP o33-20020a05687107a100b001442fada152sm1305666oap.46 - gsmtp
<br /><pre>hello: 250-smtp.googlemail.com at your service, [186.11.110.72]
250-SIZE 35882577
250-8BITMIME
250-AUTH LOGIN PLAIN XOAUTH2 PLAIN-CLIENTTOKEN OAUTHBEARER XOAUTH
250-ENHANCEDSTATUSCODES
250-PIPELINING
250-CHUNKING
250 SMTPUTF8
</pre><pre>from: 250 2.1.0 OK o33-20020a05687107a100b001442fada152sm1305666oap.46 - gsmtp
</pre><pre>to: 555 5.5.2 Syntax error. o33-20020a05687107a100b001442fada152sm1305666oap.46 - gsmtp
</pre>The following SMTP error was encountered: 555 5.5.2 Syntax error. o33-20020a05687107a100b001442fada152sm1305666oap.46 - gsmtp
<br /><pre>quit: 221 2.0.0 closing connection o33-20020a05687107a100b001442fada152sm1305666oap.46 - gsmtp
</pre>Unable to send email using PHP SMTP. Your server might not be configured to send mail using this method.<br /><pre>Date: Fri, 16 Dec 2022 13:24:57 -0600
From: &quot;Confirm Registration&quot; &lt;n_vargas@alumnos.upla.cl&gt;
Return-Path: &lt;n_vargas@alumnos.upla.cl&gt;
Subject: =?UTF-8?Q?hola=20bienvenido=20al=20Aula?=
Reply-To: &lt;n_vargas@alumnos.upla.cl&gt;
User-Agent: CodeIgniter
X-Sender: n_vargas@alumnos.upla.cl
X-Mailer: CodeIgniter
X-Priority: 3 (Normal)
Message-ID: &lt;639cc60977f2e8.52118982@alumnos.upla.cl&gt;
Mime-Version: 1.0

</pre>')
 4 SYSTEMPATH\CodeIgniter.php(904): App\Controllers\Home->nuevoUsuario()
 5 SYSTEMPATH\CodeIgniter.php(457): CodeIgniter\CodeIgniter->runController(Object(App\Controllers\Home))
 6 SYSTEMPATH\CodeIgniter.php(340): CodeIgniter\CodeIgniter->handleRequest(null, Object(Config\Cache), false)
 7 FCPATH\index.php(67): CodeIgniter\CodeIgniter->run()
ERROR - 2022-12-16 13:25:02 --> Email: Unable to send email using PHP SMTP. Your server might not be configured to send mail using this method.
ERROR - 2022-12-16 13:25:02 --> 220 smtp.googlemail.com ESMTP bm18-20020a0568081a9200b0035a81480ffcsm1077155oib.38 - gsmtp

hello: 250-smtp.googlemail.com at your service, [186.11.110.72]
250-SIZE 35882577
250-8BITMIME
250-AUTH LOGIN PLAIN XOAUTH2 PLAIN-CLIENTTOKEN OAUTHBEARER XOAUTH
250-ENHANCEDSTATUSCODES
250-PIPELINING
250-CHUNKING
250 SMTPUTF8

from: 250 2.1.0 OK bm18-20020a0568081a9200b0035a81480ffcsm1077155oib.38 - gsmtp

to: 555 5.5.2 Syntax error. bm18-20020a0568081a9200b0035a81480ffcsm1077155oib.38 - gsmtp

The following SMTP error was encountered: 555 5.5.2 Syntax error. bm18-20020a0568081a9200b0035a81480ffcsm1077155oib.38 - gsmtp

quit: 221 2.0.0 closing connection bm18-20020a0568081a9200b0035a81480ffcsm1077155oib.38 - gsmtp

CRITICAL - 2022-12-16 13:25:02 --> CodeIgniter\BaseModel::transformDataToArray(): Return value must be of type array, string returned
in SYSTEMPATH\BaseModel.php on line 1599.
 1 SYSTEMPATH\BaseModel.php(704): CodeIgniter\BaseModel->transformDataToArray('220 smtp.googlemail.com ESMTP bm18-20020a0568081a9200b0035a81480ffcsm1077155oib.38 - gsmtp
<br /><pre>hello: 250-smtp.googlemail.com at your service, [186.11.110.72]
250-SIZE 35882577
250-8BITMIME
250-AUTH LOGIN PLAIN XOAUTH2 PLAIN-CLIENTTOKEN OAUTHBEARER XOAUTH
250-ENHANCEDSTATUSCODES
250-PIPELINING
250-CHUNKING
250 SMTPUTF8
</pre><pre>from: 250 2.1.0 OK bm18-20020a0568081a9200b0035a81480ffcsm1077155oib.38 - gsmtp
</pre><pre>to: 555 5.5.2 Syntax error. bm18-20020a0568081a9200b0035a81480ffcsm1077155oib.38 - gsmtp
</pre>The following SMTP error was encountered: 555 5.5.2 Syntax error. bm18-20020a0568081a9200b0035a81480ffcsm1077155oib.38 - gsmtp
<br /><pre>quit: 221 2.0.0 closing connection bm18-20020a0568081a9200b0035a81480ffcsm1077155oib.38 - gsmtp
</pre>Unable to send email using PHP SMTP. Your server might not be configured to send mail using this method.<br /><pre>Date: Fri, 16 Dec 2022 13:25:00 -0600
From: &quot;Confirm Registration&quot; &lt;n_vargas@alumnos.upla.cl&gt;
Return-Path: &lt;n_vargas@alumnos.upla.cl&gt;
Subject: =?UTF-8?Q?hola=20bienvenido=20al=20Aula?=
Reply-To: &lt;n_vargas@alumnos.upla.cl&gt;
User-Agent: CodeIgniter
X-Sender: n_vargas@alumnos.upla.cl
X-Mailer: CodeIgniter
X-Priority: 3 (Normal)
Message-ID: &lt;639cc60c07bad8.14397125@alumnos.upla.cl&gt;
Mime-Version: 1.0

</pre>', 'insert')
 2 SYSTEMPATH\Model.php(667): CodeIgniter\BaseModel->insert('220 smtp.googlemail.com ESMTP bm18-20020a0568081a9200b0035a81480ffcsm1077155oib.38 - gsmtp
<br /><pre>hello: 250-smtp.googlemail.com at your service, [186.11.110.72]
250-SIZE 35882577
250-8BITMIME
250-AUTH LOGIN PLAIN XOAUTH2 PLAIN-CLIENTTOKEN OAUTHBEARER XOAUTH
250-ENHANCEDSTATUSCODES
250-PIPELINING
250-CHUNKING
250 SMTPUTF8
</pre><pre>from: 250 2.1.0 OK bm18-20020a0568081a9200b0035a81480ffcsm1077155oib.38 - gsmtp
</pre><pre>to: 555 5.5.2 Syntax error. bm18-20020a0568081a9200b0035a81480ffcsm1077155oib.38 - gsmtp
</pre>The following SMTP error was encountered: 555 5.5.2 Syntax error. bm18-20020a0568081a9200b0035a81480ffcsm1077155oib.38 - gsmtp
<br /><pre>quit: 221 2.0.0 closing connection bm18-20020a0568081a9200b0035a81480ffcsm1077155oib.38 - gsmtp
</pre>Unable to send email using PHP SMTP. Your server might not be configured to send mail using this method.<br /><pre>Date: Fri, 16 Dec 2022 13:25:00 -0600
From: &quot;Confirm Registration&quot; &lt;n_vargas@alumnos.upla.cl&gt;
Return-Path: &lt;n_vargas@alumnos.upla.cl&gt;
Subject: =?UTF-8?Q?hola=20bienvenido=20al=20Aula?=
Reply-To: &lt;n_vargas@alumnos.upla.cl&gt;
User-Agent: CodeIgniter
X-Sender: n_vargas@alumnos.upla.cl
X-Mailer: CodeIgniter
X-Priority: 3 (Normal)
Message-ID: &lt;639cc60c07bad8.14397125@alumnos.upla.cl&gt;
Mime-Version: 1.0

</pre>', true)
 3 APPPATH\Controllers\Home.php(299): CodeIgniter\Model->insert('220 smtp.googlemail.com ESMTP bm18-20020a0568081a9200b0035a81480ffcsm1077155oib.38 - gsmtp
<br /><pre>hello: 250-smtp.googlemail.com at your service, [186.11.110.72]
250-SIZE 35882577
250-8BITMIME
250-AUTH LOGIN PLAIN XOAUTH2 PLAIN-CLIENTTOKEN OAUTHBEARER XOAUTH
250-ENHANCEDSTATUSCODES
250-PIPELINING
250-CHUNKING
250 SMTPUTF8
</pre><pre>from: 250 2.1.0 OK bm18-20020a0568081a9200b0035a81480ffcsm1077155oib.38 - gsmtp
</pre><pre>to: 555 5.5.2 Syntax error. bm18-20020a0568081a9200b0035a81480ffcsm1077155oib.38 - gsmtp
</pre>The following SMTP error was encountered: 555 5.5.2 Syntax error. bm18-20020a0568081a9200b0035a81480ffcsm1077155oib.38 - gsmtp
<br /><pre>quit: 221 2.0.0 closing connection bm18-20020a0568081a9200b0035a81480ffcsm1077155oib.38 - gsmtp
</pre>Unable to send email using PHP SMTP. Your server might not be configured to send mail using this method.<br /><pre>Date: Fri, 16 Dec 2022 13:25:00 -0600
From: &quot;Confirm Registration&quot; &lt;n_vargas@alumnos.upla.cl&gt;
Return-Path: &lt;n_vargas@alumnos.upla.cl&gt;
Subject: =?UTF-8?Q?hola=20bienvenido=20al=20Aula?=
Reply-To: &lt;n_vargas@alumnos.upla.cl&gt;
User-Agent: CodeIgniter
X-Sender: n_vargas@alumnos.upla.cl
X-Mailer: CodeIgniter
X-Priority: 3 (Normal)
Message-ID: &lt;639cc60c07bad8.14397125@alumnos.upla.cl&gt;
Mime-Version: 1.0

</pre>')
 4 SYSTEMPATH\CodeIgniter.php(904): App\Controllers\Home->nuevoUsuario()
 5 SYSTEMPATH\CodeIgniter.php(457): CodeIgniter\CodeIgniter->runController(Object(App\Controllers\Home))
 6 SYSTEMPATH\CodeIgniter.php(340): CodeIgniter\CodeIgniter->handleRequest(null, Object(Config\Cache), false)
 7 FCPATH\index.php(67): CodeIgniter\CodeIgniter->run()
ERROR - 2022-12-16 13:25:34 --> Email: Unable to send email using PHP SMTP. Your server might not be configured to send mail using this method.
ERROR - 2022-12-16 13:25:34 --> 220 smtp.googlemail.com ESMTP bh19-20020a056830381300b0066871c3adb3sm1234123otb.28 - gsmtp

hello: 250-smtp.googlemail.com at your service, [186.11.110.72]
250-SIZE 35882577
250-8BITMIME
250-AUTH LOGIN PLAIN XOAUTH2 PLAIN-CLIENTTOKEN OAUTHBEARER XOAUTH
250-ENHANCEDSTATUSCODES
250-PIPELINING
250-CHUNKING
250 SMTPUTF8

from: 250 2.1.0 OK bh19-20020a056830381300b0066871c3adb3sm1234123otb.28 - gsmtp

to: 555 5.5.2 Syntax error. bh19-20020a056830381300b0066871c3adb3sm1234123otb.28 - gsmtp

The following SMTP error was encountered: 555 5.5.2 Syntax error. bh19-20020a056830381300b0066871c3adb3sm1234123otb.28 - gsmtp

quit: 221 2.0.0 closing connection bh19-20020a056830381300b0066871c3adb3sm1234123otb.28 - gsmtp

CRITICAL - 2022-12-16 13:25:34 --> CodeIgniter\BaseModel::transformDataToArray(): Return value must be of type array, string returned
in SYSTEMPATH\BaseModel.php on line 1599.
 1 SYSTEMPATH\BaseModel.php(704): CodeIgniter\BaseModel->transformDataToArray('220 smtp.googlemail.com ESMTP bh19-20020a056830381300b0066871c3adb3sm1234123otb.28 - gsmtp
<br /><pre>hello: 250-smtp.googlemail.com at your service, [186.11.110.72]
250-SIZE 35882577
250-8BITMIME
250-AUTH LOGIN PLAIN XOAUTH2 PLAIN-CLIENTTOKEN OAUTHBEARER XOAUTH
250-ENHANCEDSTATUSCODES
250-PIPELINING
250-CHUNKING
250 SMTPUTF8
</pre><pre>from: 250 2.1.0 OK bh19-20020a056830381300b0066871c3adb3sm1234123otb.28 - gsmtp
</pre><pre>to: 555 5.5.2 Syntax error. bh19-20020a056830381300b0066871c3adb3sm1234123otb.28 - gsmtp
</pre>The following SMTP error was encountered: 555 5.5.2 Syntax error. bh19-20020a056830381300b0066871c3adb3sm1234123otb.28 - gsmtp
<br /><pre>quit: 221 2.0.0 closing connection bh19-20020a056830381300b0066871c3adb3sm1234123otb.28 - gsmtp
</pre>Unable to send email using PHP SMTP. Your server might not be configured to send mail using this method.<br /><pre>Date: Fri, 16 Dec 2022 13:25:32 -0600
From: &quot;Confirm Registration&quot; &lt;n_vargas@alumnos.upla.cl&gt;
Return-Path: &lt;n_vargas@alumnos.upla.cl&gt;
Subject: =?UTF-8?Q?hola=20bienvenido=20al=20Aula?=
Reply-To: &lt;n_vargas@alumnos.upla.cl&gt;
User-Agent: CodeIgniter
X-Sender: n_vargas@alumnos.upla.cl
X-Mailer: CodeIgniter
X-Priority: 3 (Normal)
Message-ID: &lt;639cc62c175df9.01507052@alumnos.upla.cl&gt;
Mime-Version: 1.0

</pre>', 'insert')
 2 SYSTEMPATH\Model.php(667): CodeIgniter\BaseModel->insert('220 smtp.googlemail.com ESMTP bh19-20020a056830381300b0066871c3adb3sm1234123otb.28 - gsmtp
<br /><pre>hello: 250-smtp.googlemail.com at your service, [186.11.110.72]
250-SIZE 35882577
250-8BITMIME
250-AUTH LOGIN PLAIN XOAUTH2 PLAIN-CLIENTTOKEN OAUTHBEARER XOAUTH
250-ENHANCEDSTATUSCODES
250-PIPELINING
250-CHUNKING
250 SMTPUTF8
</pre><pre>from: 250 2.1.0 OK bh19-20020a056830381300b0066871c3adb3sm1234123otb.28 - gsmtp
</pre><pre>to: 555 5.5.2 Syntax error. bh19-20020a056830381300b0066871c3adb3sm1234123otb.28 - gsmtp
</pre>The following SMTP error was encountered: 555 5.5.2 Syntax error. bh19-20020a056830381300b0066871c3adb3sm1234123otb.28 - gsmtp
<br /><pre>quit: 221 2.0.0 closing connection bh19-20020a056830381300b0066871c3adb3sm1234123otb.28 - gsmtp
</pre>Unable to send email using PHP SMTP. Your server might not be configured to send mail using this method.<br /><pre>Date: Fri, 16 Dec 2022 13:25:32 -0600
From: &quot;Confirm Registration&quot; &lt;n_vargas@alumnos.upla.cl&gt;
Return-Path: &lt;n_vargas@alumnos.upla.cl&gt;
Subject: =?UTF-8?Q?hola=20bienvenido=20al=20Aula?=
Reply-To: &lt;n_vargas@alumnos.upla.cl&gt;
User-Agent: CodeIgniter
X-Sender: n_vargas@alumnos.upla.cl
X-Mailer: CodeIgniter
X-Priority: 3 (Normal)
Message-ID: &lt;639cc62c175df9.01507052@alumnos.upla.cl&gt;
Mime-Version: 1.0

</pre>', true)
 3 APPPATH\Controllers\Home.php(299): CodeIgniter\Model->insert('220 smtp.googlemail.com ESMTP bh19-20020a056830381300b0066871c3adb3sm1234123otb.28 - gsmtp
<br /><pre>hello: 250-smtp.googlemail.com at your service, [186.11.110.72]
250-SIZE 35882577
250-8BITMIME
250-AUTH LOGIN PLAIN XOAUTH2 PLAIN-CLIENTTOKEN OAUTHBEARER XOAUTH
250-ENHANCEDSTATUSCODES
250-PIPELINING
250-CHUNKING
250 SMTPUTF8
</pre><pre>from: 250 2.1.0 OK bh19-20020a056830381300b0066871c3adb3sm1234123otb.28 - gsmtp
</pre><pre>to: 555 5.5.2 Syntax error. bh19-20020a056830381300b0066871c3adb3sm1234123otb.28 - gsmtp
</pre>The following SMTP error was encountered: 555 5.5.2 Syntax error. bh19-20020a056830381300b0066871c3adb3sm1234123otb.28 - gsmtp
<br /><pre>quit: 221 2.0.0 closing connection bh19-20020a056830381300b0066871c3adb3sm1234123otb.28 - gsmtp
</pre>Unable to send email using PHP SMTP. Your server might not be configured to send mail using this method.<br /><pre>Date: Fri, 16 Dec 2022 13:25:32 -0600
From: &quot;Confirm Registration&quot; &lt;n_vargas@alumnos.upla.cl&gt;
Return-Path: &lt;n_vargas@alumnos.upla.cl&gt;
Subject: =?UTF-8?Q?hola=20bienvenido=20al=20Aula?=
Reply-To: &lt;n_vargas@alumnos.upla.cl&gt;
User-Agent: CodeIgniter
X-Sender: n_vargas@alumnos.upla.cl
X-Mailer: CodeIgniter
X-Priority: 3 (Normal)
Message-ID: &lt;639cc62c175df9.01507052@alumnos.upla.cl&gt;
Mime-Version: 1.0

</pre>')
 4 SYSTEMPATH\CodeIgniter.php(904): App\Controllers\Home->nuevoUsuario()
 5 SYSTEMPATH\CodeIgniter.php(457): CodeIgniter\CodeIgniter->runController(Object(App\Controllers\Home))
 6 SYSTEMPATH\CodeIgniter.php(340): CodeIgniter\CodeIgniter->handleRequest(null, Object(Config\Cache), false)
 7 FCPATH\index.php(67): CodeIgniter\CodeIgniter->run()
ERROR - 2022-12-16 13:32:00 --> Email: sendWithSmtp throwed ErrorException: fsockopen(): Unable to connect to tls://smtp.googlemail.com:465 (Se produjo un error durante el intento de conexión ya que la parte conectada no respondió adecuadamente tras un periodo de tiempo, o bien se produjo un error en la conexión establecida ya que el host conectado no ha podido responder) in C:\xampp\htdocs\proyectobibliote\system\Email\Email.php:1863
Stack trace:
#0 [internal function]: CodeIgniter\Debug\Exceptions->errorHandler(2, 'fsockopen(): Un...', 'C:\\xampp\\htdocs...', 1863)
#1 C:\xampp\htdocs\proyectobibliote\system\Email\Email.php(1863): fsockopen('tls://smtp.goog...', 465, NULL, NULL, 60)
#2 C:\xampp\htdocs\proyectobibliote\system\Email\Email.php(1777): CodeIgniter\Email\Email->SMTPConnect()
#3 C:\xampp\htdocs\proyectobibliote\system\Email\Email.php(1662): CodeIgniter\Email\Email->sendWithSmtp()
#4 C:\xampp\htdocs\proyectobibliote\system\Email\Email.php(1560): CodeIgniter\Email\Email->spoolEmail()
#5 C:\xampp\htdocs\proyectobibliote\app\Controllers\Home.php(288): CodeIgniter\Email\Email->send()
#6 C:\xampp\htdocs\proyectobibliote\system\CodeIgniter.php(904): App\Controllers\Home->nuevoUsuario()
#7 C:\xampp\htdocs\proyectobibliote\system\CodeIgniter.php(457): CodeIgniter\CodeIgniter->runController(Object(App\Controllers\Home))
#8 C:\xampp\htdocs\proyectobibliote\system\CodeIgniter.php(340): CodeIgniter\CodeIgniter->handleRequest(NULL, Object(Config\Cache), false)
#9 C:\xampp\htdocs\proyectobibliote\index.php(67): CodeIgniter\CodeIgniter->run()
#10 {main}
ERROR - 2022-12-16 13:32:00 --> Email: Unable to send email using PHP SMTP. Your server might not be configured to send mail using this method.
ERROR - 2022-12-16 13:32:00 --> 
CRITICAL - 2022-12-16 13:32:00 --> CodeIgniter\BaseModel::transformDataToArray(): Return value must be of type array, string returned
in SYSTEMPATH\BaseModel.php on line 1599.
 1 SYSTEMPATH\BaseModel.php(704): CodeIgniter\BaseModel->transformDataToArray('Unable to send email using PHP SMTP. Your server might not be configured to send mail using this method.<br /><pre>Date: Fri, 16 Dec 2022 13:31:39 -0600
To: paxirev800@areosur.com
From: &quot;Confirm Registration&quot; &lt;n_vargas@alumnos.upla.cl&gt;
Return-Path: &lt;n_vargas@alumnos.upla.cl&gt;
Subject: =?UTF-8?Q?hola=20bienvenido=20al=20Aula?=
Reply-To: &lt;n_vargas@alumnos.upla.cl&gt;
User-Agent: CodeIgniter
X-Sender: n_vargas@alumnos.upla.cl
X-Mailer: CodeIgniter
X-Priority: 3 (Normal)
Message-ID: &lt;639cc79bcefe01.57820352@alumnos.upla.cl&gt;
Mime-Version: 1.0

</pre>', 'insert')
 2 SYSTEMPATH\Model.php(667): CodeIgniter\BaseModel->insert('Unable to send email using PHP SMTP. Your server might not be configured to send mail using this method.<br /><pre>Date: Fri, 16 Dec 2022 13:31:39 -0600
To: paxirev800@areosur.com
From: &quot;Confirm Registration&quot; &lt;n_vargas@alumnos.upla.cl&gt;
Return-Path: &lt;n_vargas@alumnos.upla.cl&gt;
Subject: =?UTF-8?Q?hola=20bienvenido=20al=20Aula?=
Reply-To: &lt;n_vargas@alumnos.upla.cl&gt;
User-Agent: CodeIgniter
X-Sender: n_vargas@alumnos.upla.cl
X-Mailer: CodeIgniter
X-Priority: 3 (Normal)
Message-ID: &lt;639cc79bcefe01.57820352@alumnos.upla.cl&gt;
Mime-Version: 1.0

</pre>', true)
 3 APPPATH\Controllers\Home.php(299): CodeIgniter\Model->insert('Unable to send email using PHP SMTP. Your server might not be configured to send mail using this method.<br /><pre>Date: Fri, 16 Dec 2022 13:31:39 -0600
To: paxirev800@areosur.com
From: &quot;Confirm Registration&quot; &lt;n_vargas@alumnos.upla.cl&gt;
Return-Path: &lt;n_vargas@alumnos.upla.cl&gt;
Subject: =?UTF-8?Q?hola=20bienvenido=20al=20Aula?=
Reply-To: &lt;n_vargas@alumnos.upla.cl&gt;
User-Agent: CodeIgniter
X-Sender: n_vargas@alumnos.upla.cl
X-Mailer: CodeIgniter
X-Priority: 3 (Normal)
Message-ID: &lt;639cc79bcefe01.57820352@alumnos.upla.cl&gt;
Mime-Version: 1.0

</pre>')
 4 SYSTEMPATH\CodeIgniter.php(904): App\Controllers\Home->nuevoUsuario()
 5 SYSTEMPATH\CodeIgniter.php(457): CodeIgniter\CodeIgniter->runController(Object(App\Controllers\Home))
 6 SYSTEMPATH\CodeIgniter.php(340): CodeIgniter\CodeIgniter->handleRequest(null, Object(Config\Cache), false)
 7 FCPATH\index.php(67): CodeIgniter\CodeIgniter->run()
