CRITICAL - 2022-12-17 10:01:51 --> Undefined variable $item
in APPPATH\Views\paginas\perfil.php on line 150.
 1 APPPATH\Views\paginas\perfil.php(150): CodeIgniter\Debug\Exceptions->errorHandler(2, 'Undefined variable $item', 'APPPATH\\Views\\paginas\\perfil.php', 150)
 2 SYSTEMPATH\View\View.php(213): include('APPPATH\\Views\\paginas\\perfil.php')
 3 SYSTEMPATH\View\View.php(216): CodeIgniter\View\View->CodeIgniter\View\{closure}()
 4 SYSTEMPATH\Common.php(1142): CodeIgniter\View\View->render('paginas/perfil', [], true)
 5 APPPATH\Controllers\Home.php(571): view('paginas/perfil', [...])
 6 SYSTEMPATH\CodeIgniter.php(904): App\Controllers\Home->ver_perfil()
 7 SYSTEMPATH\CodeIgniter.php(457): CodeIgniter\CodeIgniter->runController(Object(App\Controllers\Home))
 8 SYSTEMPATH\CodeIgniter.php(340): CodeIgniter\CodeIgniter->handleRequest(null, Object(Config\Cache), false)
 9 FCPATH\index.php(67): CodeIgniter\CodeIgniter->run()
CRITICAL - 2022-12-17 10:03:47 --> Undefined variable $Listalibro
in APPPATH\Views\paginas\perfil.php on line 150.
 1 APPPATH\Views\paginas\perfil.php(150): CodeIgniter\Debug\Exceptions->errorHandler(2, 'Undefined variable $Listalibro', 'APPPATH\\Views\\paginas\\perfil.php', 150)
 2 SYSTEMPATH\View\View.php(213): include('APPPATH\\Views\\paginas\\perfil.php')
 3 SYSTEMPATH\View\View.php(216): CodeIgniter\View\View->CodeIgniter\View\{closure}()
 4 SYSTEMPATH\Common.php(1142): CodeIgniter\View\View->render('paginas/perfil', [], true)
 5 APPPATH\Controllers\Home.php(571): view('paginas/perfil', [...])
 6 SYSTEMPATH\CodeIgniter.php(904): App\Controllers\Home->ver_perfil()
 7 SYSTEMPATH\CodeIgniter.php(457): CodeIgniter\CodeIgniter->runController(Object(App\Controllers\Home))
 8 SYSTEMPATH\CodeIgniter.php(340): CodeIgniter\CodeIgniter->handleRequest(null, Object(Config\Cache), false)
 9 FCPATH\index.php(67): CodeIgniter\CodeIgniter->run()
CRITICAL - 2022-12-17 10:05:36 --> Undefined array key "imagen"
in APPPATH\Views\paginas\perfil.php on line 154.
 1 APPPATH\Views\paginas\perfil.php(154): CodeIgniter\Debug\Exceptions->errorHandler(2, 'Undefined array key "imagen"', 'APPPATH\\Views\\paginas\\perfil.php', 154)
 2 SYSTEMPATH\View\View.php(213): include('APPPATH\\Views\\paginas\\perfil.php')
 3 SYSTEMPATH\View\View.php(216): CodeIgniter\View\View->CodeIgniter\View\{closure}()
 4 SYSTEMPATH\Common.php(1142): CodeIgniter\View\View->render('paginas/perfil', [], true)
 5 APPPATH\Controllers\Home.php(571): view('paginas/perfil', [...])
 6 SYSTEMPATH\CodeIgniter.php(904): App\Controllers\Home->ver_perfil()
 7 SYSTEMPATH\CodeIgniter.php(457): CodeIgniter\CodeIgniter->runController(Object(App\Controllers\Home))
 8 SYSTEMPATH\CodeIgniter.php(340): CodeIgniter\CodeIgniter->handleRequest(null, Object(Config\Cache), false)
 9 FCPATH\index.php(67): CodeIgniter\CodeIgniter->run()
CRITICAL - 2022-12-17 10:06:02 --> Undefined variable $Listalibro
in APPPATH\Views\paginas\perfil.php on line 154.
 1 APPPATH\Views\paginas\perfil.php(154): CodeIgniter\Debug\Exceptions->errorHandler(2, 'Undefined variable $Listalibro', 'APPPATH\\Views\\paginas\\perfil.php', 154)
 2 SYSTEMPATH\View\View.php(213): include('APPPATH\\Views\\paginas\\perfil.php')
 3 SYSTEMPATH\View\View.php(216): CodeIgniter\View\View->CodeIgniter\View\{closure}()
 4 SYSTEMPATH\Common.php(1142): CodeIgniter\View\View->render('paginas/perfil', [], true)
 5 APPPATH\Controllers\Home.php(571): view('paginas/perfil', [...])
 6 SYSTEMPATH\CodeIgniter.php(904): App\Controllers\Home->ver_perfil()
 7 SYSTEMPATH\CodeIgniter.php(457): CodeIgniter\CodeIgniter->runController(Object(App\Controllers\Home))
 8 SYSTEMPATH\CodeIgniter.php(340): CodeIgniter\CodeIgniter->handleRequest(null, Object(Config\Cache), false)
 9 FCPATH\index.php(67): CodeIgniter\CodeIgniter->run()
CRITICAL - 2022-12-17 10:06:41 --> Undefined variable $users
in APPPATH\Views\paginas\perfil.php on line 154.
 1 APPPATH\Views\paginas\perfil.php(154): CodeIgniter\Debug\Exceptions->errorHandler(2, 'Undefined variable $users', 'APPPATH\\Views\\paginas\\perfil.php', 154)
 2 SYSTEMPATH\View\View.php(213): include('APPPATH\\Views\\paginas\\perfil.php')
 3 SYSTEMPATH\View\View.php(216): CodeIgniter\View\View->CodeIgniter\View\{closure}()
 4 SYSTEMPATH\Common.php(1142): CodeIgniter\View\View->render('paginas/perfil', [], true)
 5 APPPATH\Controllers\Home.php(571): view('paginas/perfil', [...])
 6 SYSTEMPATH\CodeIgniter.php(904): App\Controllers\Home->ver_perfil()
 7 SYSTEMPATH\CodeIgniter.php(457): CodeIgniter\CodeIgniter->runController(Object(App\Controllers\Home))
 8 SYSTEMPATH\CodeIgniter.php(340): CodeIgniter\CodeIgniter->handleRequest(null, Object(Config\Cache), false)
 9 FCPATH\index.php(67): CodeIgniter\CodeIgniter->run()
CRITICAL - 2022-12-17 10:07:12 --> Undefined variable $users
in APPPATH\Views\paginas\perfil.php on line 154.
 1 APPPATH\Views\paginas\perfil.php(154): CodeIgniter\Debug\Exceptions->errorHandler(2, 'Undefined variable $users', 'APPPATH\\Views\\paginas\\perfil.php', 154)
 2 SYSTEMPATH\View\View.php(213): include('APPPATH\\Views\\paginas\\perfil.php')
 3 SYSTEMPATH\View\View.php(216): CodeIgniter\View\View->CodeIgniter\View\{closure}()
 4 SYSTEMPATH\Common.php(1142): CodeIgniter\View\View->render('paginas/perfil', [], true)
 5 APPPATH\Controllers\Home.php(571): view('paginas/perfil', [...])
 6 SYSTEMPATH\CodeIgniter.php(904): App\Controllers\Home->ver_perfil()
 7 SYSTEMPATH\CodeIgniter.php(457): CodeIgniter\CodeIgniter->runController(Object(App\Controllers\Home))
 8 SYSTEMPATH\CodeIgniter.php(340): CodeIgniter\CodeIgniter->handleRequest(null, Object(Config\Cache), false)
 9 FCPATH\index.php(67): CodeIgniter\CodeIgniter->run()
CRITICAL - 2022-12-17 10:08:13 --> Undefined variable $users
in APPPATH\Views\paginas\perfil.php on line 150.
 1 APPPATH\Views\paginas\perfil.php(150): CodeIgniter\Debug\Exceptions->errorHandler(2, 'Undefined variable $users', 'APPPATH\\Views\\paginas\\perfil.php', 150)
 2 SYSTEMPATH\View\View.php(213): include('APPPATH\\Views\\paginas\\perfil.php')
 3 SYSTEMPATH\View\View.php(216): CodeIgniter\View\View->CodeIgniter\View\{closure}()
 4 SYSTEMPATH\Common.php(1142): CodeIgniter\View\View->render('paginas/perfil', [], true)
 5 APPPATH\Controllers\Home.php(571): view('paginas/perfil', [...])
 6 SYSTEMPATH\CodeIgniter.php(904): App\Controllers\Home->ver_perfil()
 7 SYSTEMPATH\CodeIgniter.php(457): CodeIgniter\CodeIgniter->runController(Object(App\Controllers\Home))
 8 SYSTEMPATH\CodeIgniter.php(340): CodeIgniter\CodeIgniter->handleRequest(null, Object(Config\Cache), false)
 9 FCPATH\index.php(67): CodeIgniter\CodeIgniter->run()
CRITICAL - 2022-12-17 10:09:23 --> Undefined variable $users
in APPPATH\Views\paginas\perfil.php on line 150.
 1 APPPATH\Views\paginas\perfil.php(150): CodeIgniter\Debug\Exceptions->errorHandler(2, 'Undefined variable $users', 'APPPATH\\Views\\paginas\\perfil.php', 150)
 2 SYSTEMPATH\View\View.php(213): include('APPPATH\\Views\\paginas\\perfil.php')
 3 SYSTEMPATH\View\View.php(216): CodeIgniter\View\View->CodeIgniter\View\{closure}()
 4 SYSTEMPATH\Common.php(1142): CodeIgniter\View\View->render('paginas/perfil', [], true)
 5 APPPATH\Controllers\Home.php(571): view('paginas/perfil', [...])
 6 SYSTEMPATH\CodeIgniter.php(904): App\Controllers\Home->ver_perfil()
 7 SYSTEMPATH\CodeIgniter.php(457): CodeIgniter\CodeIgniter->runController(Object(App\Controllers\Home))
 8 SYSTEMPATH\CodeIgniter.php(340): CodeIgniter\CodeIgniter->handleRequest(null, Object(Config\Cache), false)
 9 FCPATH\index.php(67): CodeIgniter\CodeIgniter->run()
CRITICAL - 2022-12-17 10:09:57 --> Undefined variable $users
in APPPATH\Views\paginas\perfil.php on line 150.
 1 APPPATH\Views\paginas\perfil.php(150): CodeIgniter\Debug\Exceptions->errorHandler(2, 'Undefined variable $users', 'APPPATH\\Views\\paginas\\perfil.php', 150)
 2 SYSTEMPATH\View\View.php(213): include('APPPATH\\Views\\paginas\\perfil.php')
 3 SYSTEMPATH\View\View.php(216): CodeIgniter\View\View->CodeIgniter\View\{closure}()
 4 SYSTEMPATH\Common.php(1142): CodeIgniter\View\View->render('paginas/perfil', [], true)
 5 APPPATH\Controllers\Home.php(571): view('paginas/perfil', [...])
 6 SYSTEMPATH\CodeIgniter.php(904): App\Controllers\Home->ver_perfil()
 7 SYSTEMPATH\CodeIgniter.php(457): CodeIgniter\CodeIgniter->runController(Object(App\Controllers\Home))
 8 SYSTEMPATH\CodeIgniter.php(340): CodeIgniter\CodeIgniter->handleRequest(null, Object(Config\Cache), false)
 9 FCPATH\index.php(67): CodeIgniter\CodeIgniter->run()
CRITICAL - 2022-12-17 10:15:09 --> Undefined variable $users
in APPPATH\Views\paginas\perfil.php on line 150.
 1 APPPATH\Views\paginas\perfil.php(150): CodeIgniter\Debug\Exceptions->errorHandler(2, 'Undefined variable $users', 'APPPATH\\Views\\paginas\\perfil.php', 150)
 2 SYSTEMPATH\View\View.php(213): include('APPPATH\\Views\\paginas\\perfil.php')
 3 SYSTEMPATH\View\View.php(216): CodeIgniter\View\View->CodeIgniter\View\{closure}()
 4 SYSTEMPATH\Common.php(1142): CodeIgniter\View\View->render('paginas/perfil', [], true)
 5 APPPATH\Controllers\Home.php(571): view('paginas/perfil', [...])
 6 SYSTEMPATH\CodeIgniter.php(904): App\Controllers\Home->ver_perfil()
 7 SYSTEMPATH\CodeIgniter.php(457): CodeIgniter\CodeIgniter->runController(Object(App\Controllers\Home))
 8 SYSTEMPATH\CodeIgniter.php(340): CodeIgniter\CodeIgniter->handleRequest(null, Object(Config\Cache), false)
 9 FCPATH\index.php(67): CodeIgniter\CodeIgniter->run()
CRITICAL - 2022-12-17 10:19:52 --> Undefined variable $userss
in APPPATH\Views\paginas\perfil.php on line 150.
 1 APPPATH\Views\paginas\perfil.php(150): CodeIgniter\Debug\Exceptions->errorHandler(2, 'Undefined variable $userss', 'APPPATH\\Views\\paginas\\perfil.php', 150)
 2 SYSTEMPATH\View\View.php(213): include('APPPATH\\Views\\paginas\\perfil.php')
 3 SYSTEMPATH\View\View.php(216): CodeIgniter\View\View->CodeIgniter\View\{closure}()
 4 SYSTEMPATH\Common.php(1142): CodeIgniter\View\View->render('paginas/perfil', [], true)
 5 APPPATH\Controllers\Home.php(571): view('paginas/perfil', [...])
 6 SYSTEMPATH\CodeIgniter.php(904): App\Controllers\Home->ver_perfil()
 7 SYSTEMPATH\CodeIgniter.php(457): CodeIgniter\CodeIgniter->runController(Object(App\Controllers\Home))
 8 SYSTEMPATH\CodeIgniter.php(340): CodeIgniter\CodeIgniter->handleRequest(null, Object(Config\Cache), false)
 9 FCPATH\index.php(67): CodeIgniter\CodeIgniter->run()
CRITICAL - 2022-12-17 10:20:14 --> Undefined variable $users
in APPPATH\Views\paginas\perfil.php on line 150.
 1 APPPATH\Views\paginas\perfil.php(150): CodeIgniter\Debug\Exceptions->errorHandler(2, 'Undefined variable $users', 'APPPATH\\Views\\paginas\\perfil.php', 150)
 2 SYSTEMPATH\View\View.php(213): include('APPPATH\\Views\\paginas\\perfil.php')
 3 SYSTEMPATH\View\View.php(216): CodeIgniter\View\View->CodeIgniter\View\{closure}()
 4 SYSTEMPATH\Common.php(1142): CodeIgniter\View\View->render('paginas/perfil', [], true)
 5 APPPATH\Controllers\Home.php(571): view('paginas/perfil', [...])
 6 SYSTEMPATH\CodeIgniter.php(904): App\Controllers\Home->ver_perfil()
 7 SYSTEMPATH\CodeIgniter.php(457): CodeIgniter\CodeIgniter->runController(Object(App\Controllers\Home))
 8 SYSTEMPATH\CodeIgniter.php(340): CodeIgniter\CodeIgniter->handleRequest(null, Object(Config\Cache), false)
 9 FCPATH\index.php(67): CodeIgniter\CodeIgniter->run()
CRITICAL - 2022-12-17 10:39:15 --> Unmatched '}'
in APPPATH\Controllers\Home.php on line 676.
 1 SYSTEMPATH\Autoloader\Autoloader.php(259): CodeIgniter\Autoloader\Autoloader->includeFile('APPPATH\\Controllers\\Home.php')
 2 SYSTEMPATH\Autoloader\Autoloader.php(237): CodeIgniter\Autoloader\Autoloader->loadInNamespace('App\\Controllers\\Home')
 3 [internal function]: CodeIgniter\Autoloader\Autoloader->loadClass('App\\Controllers\\Home')
 4 SYSTEMPATH\CodeIgniter.php(854): class_exists('\\App\\Controllers\\Home', true)
 5 SYSTEMPATH\CodeIgniter.php(444): CodeIgniter\CodeIgniter->startController()
 6 SYSTEMPATH\CodeIgniter.php(340): CodeIgniter\CodeIgniter->handleRequest(null, Object(Config\Cache), false)
 7 FCPATH\index.php(67): CodeIgniter\CodeIgniter->run()
CRITICAL - 2022-12-17 10:40:17 --> Undefined variable $Listausers
in APPPATH\Views\paginas\perfil.php on line 150.
 1 APPPATH\Views\paginas\perfil.php(150): CodeIgniter\Debug\Exceptions->errorHandler(2, 'Undefined variable $Listausers', 'APPPATH\\Views\\paginas\\perfil.php', 150)
 2 SYSTEMPATH\View\View.php(213): include('APPPATH\\Views\\paginas\\perfil.php')
 3 SYSTEMPATH\View\View.php(216): CodeIgniter\View\View->CodeIgniter\View\{closure}()
 4 SYSTEMPATH\Common.php(1142): CodeIgniter\View\View->render('paginas/perfil', [], true)
 5 APPPATH\Controllers\Home.php(571): view('paginas/perfil', [...])
 6 SYSTEMPATH\CodeIgniter.php(904): App\Controllers\Home->ver_perfil()
 7 SYSTEMPATH\CodeIgniter.php(457): CodeIgniter\CodeIgniter->runController(Object(App\Controllers\Home))
 8 SYSTEMPATH\CodeIgniter.php(340): CodeIgniter\CodeIgniter->handleRequest(null, Object(Config\Cache), false)
 9 FCPATH\index.php(67): CodeIgniter\CodeIgniter->run()
CRITICAL - 2022-12-17 10:41:03 --> Undefined variable $Listausers
in APPPATH\Views\paginas\perfil.php on line 150.
 1 APPPATH\Views\paginas\perfil.php(150): CodeIgniter\Debug\Exceptions->errorHandler(2, 'Undefined variable $Listausers', 'APPPATH\\Views\\paginas\\perfil.php', 150)
 2 SYSTEMPATH\View\View.php(213): include('APPPATH\\Views\\paginas\\perfil.php')
 3 SYSTEMPATH\View\View.php(216): CodeIgniter\View\View->CodeIgniter\View\{closure}()
 4 SYSTEMPATH\Common.php(1142): CodeIgniter\View\View->render('paginas/perfil', [], true)
 5 APPPATH\Controllers\Home.php(571): view('paginas/perfil', [...])
 6 SYSTEMPATH\CodeIgniter.php(904): App\Controllers\Home->ver_perfil()
 7 SYSTEMPATH\CodeIgniter.php(457): CodeIgniter\CodeIgniter->runController(Object(App\Controllers\Home))
 8 SYSTEMPATH\CodeIgniter.php(340): CodeIgniter\CodeIgniter->handleRequest(null, Object(Config\Cache), false)
 9 FCPATH\index.php(67): CodeIgniter\CodeIgniter->run()
CRITICAL - 2022-12-17 10:44:25 --> Undefined variable $Listausers
in APPPATH\Views\paginas\perfil.php on line 150.
 1 APPPATH\Views\paginas\perfil.php(150): CodeIgniter\Debug\Exceptions->errorHandler(2, 'Undefined variable $Listausers', 'APPPATH\\Views\\paginas\\perfil.php', 150)
 2 SYSTEMPATH\View\View.php(213): include('APPPATH\\Views\\paginas\\perfil.php')
 3 SYSTEMPATH\View\View.php(216): CodeIgniter\View\View->CodeIgniter\View\{closure}()
 4 SYSTEMPATH\Common.php(1142): CodeIgniter\View\View->render('paginas/perfil', [], true)
 5 APPPATH\Controllers\Home.php(571): view('paginas/perfil', [...])
 6 SYSTEMPATH\CodeIgniter.php(904): App\Controllers\Home->ver_perfil()
 7 SYSTEMPATH\CodeIgniter.php(457): CodeIgniter\CodeIgniter->runController(Object(App\Controllers\Home))
 8 SYSTEMPATH\CodeIgniter.php(340): CodeIgniter\CodeIgniter->handleRequest(null, Object(Config\Cache), false)
 9 FCPATH\index.php(67): CodeIgniter\CodeIgniter->run()
CRITICAL - 2022-12-17 10:46:19 --> Undefined variable $Listausers
in APPPATH\Views\paginas\perfil.php on line 149.
 1 APPPATH\Views\paginas\perfil.php(149): CodeIgniter\Debug\Exceptions->errorHandler(2, 'Undefined variable $Listausers', 'APPPATH\\Views\\paginas\\perfil.php', 149)
 2 SYSTEMPATH\View\View.php(213): include('APPPATH\\Views\\paginas\\perfil.php')
 3 SYSTEMPATH\View\View.php(216): CodeIgniter\View\View->CodeIgniter\View\{closure}()
 4 SYSTEMPATH\Common.php(1142): CodeIgniter\View\View->render('paginas/perfil', [], true)
 5 APPPATH\Controllers\Home.php(571): view('paginas/perfil', [...])
 6 SYSTEMPATH\CodeIgniter.php(904): App\Controllers\Home->ver_perfil()
 7 SYSTEMPATH\CodeIgniter.php(457): CodeIgniter\CodeIgniter->runController(Object(App\Controllers\Home))
 8 SYSTEMPATH\CodeIgniter.php(340): CodeIgniter\CodeIgniter->handleRequest(null, Object(Config\Cache), false)
 9 FCPATH\index.php(67): CodeIgniter\CodeIgniter->run()
CRITICAL - 2022-12-17 10:56:37 --> Undefined array key "imagen"
in APPPATH\Views\paginas\perfil.php on line 151.
 1 APPPATH\Views\paginas\perfil.php(151): CodeIgniter\Debug\Exceptions->errorHandler(2, 'Undefined array key "imagen"', 'APPPATH\\Views\\paginas\\perfil.php', 151)
 2 SYSTEMPATH\View\View.php(213): include('APPPATH\\Views\\paginas\\perfil.php')
 3 SYSTEMPATH\View\View.php(216): CodeIgniter\View\View->CodeIgniter\View\{closure}()
 4 SYSTEMPATH\Common.php(1142): CodeIgniter\View\View->render('paginas/perfil', [], true)
 5 APPPATH\Controllers\Home.php(572): view('paginas/perfil', [...])
 6 SYSTEMPATH\CodeIgniter.php(904): App\Controllers\Home->ver_perfil()
 7 SYSTEMPATH\CodeIgniter.php(457): CodeIgniter\CodeIgniter->runController(Object(App\Controllers\Home))
 8 SYSTEMPATH\CodeIgniter.php(340): CodeIgniter\CodeIgniter->handleRequest(null, Object(Config\Cache), false)
 9 FCPATH\index.php(67): CodeIgniter\CodeIgniter->run()
CRITICAL - 2022-12-17 10:59:36 --> Undefined array key "id_usuario"
in APPPATH\Views\paginas\perfil.php on line 180.
 1 APPPATH\Views\paginas\perfil.php(180): CodeIgniter\Debug\Exceptions->errorHandler(2, 'Undefined array key "id_usuario"', 'APPPATH\\Views\\paginas\\perfil.php', 180)
 2 SYSTEMPATH\View\View.php(213): include('APPPATH\\Views\\paginas\\perfil.php')
 3 SYSTEMPATH\View\View.php(216): CodeIgniter\View\View->CodeIgniter\View\{closure}()
 4 SYSTEMPATH\Common.php(1142): CodeIgniter\View\View->render('paginas/perfil', [], true)
 5 APPPATH\Controllers\Home.php(573): view('paginas/perfil', [...])
 6 SYSTEMPATH\CodeIgniter.php(904): App\Controllers\Home->ver_perfil()
 7 SYSTEMPATH\CodeIgniter.php(457): CodeIgniter\CodeIgniter->runController(Object(App\Controllers\Home))
 8 SYSTEMPATH\CodeIgniter.php(340): CodeIgniter\CodeIgniter->handleRequest(null, Object(Config\Cache), false)
 9 FCPATH\index.php(67): CodeIgniter\CodeIgniter->run()
CRITICAL - 2022-12-17 11:00:32 --> Undefined array key "id_usuario"
in APPPATH\Views\paginas\perfil.php on line 185.
 1 APPPATH\Views\paginas\perfil.php(185): CodeIgniter\Debug\Exceptions->errorHandler(2, 'Undefined array key "id_usuario"', 'APPPATH\\Views\\paginas\\perfil.php', 185)
 2 SYSTEMPATH\View\View.php(213): include('APPPATH\\Views\\paginas\\perfil.php')
 3 SYSTEMPATH\View\View.php(216): CodeIgniter\View\View->CodeIgniter\View\{closure}()
 4 SYSTEMPATH\Common.php(1142): CodeIgniter\View\View->render('paginas/perfil', [], true)
 5 APPPATH\Controllers\Home.php(573): view('paginas/perfil', [...])
 6 SYSTEMPATH\CodeIgniter.php(904): App\Controllers\Home->ver_perfil()
 7 SYSTEMPATH\CodeIgniter.php(457): CodeIgniter\CodeIgniter->runController(Object(App\Controllers\Home))
 8 SYSTEMPATH\CodeIgniter.php(340): CodeIgniter\CodeIgniter->handleRequest(null, Object(Config\Cache), false)
 9 FCPATH\index.php(67): CodeIgniter\CodeIgniter->run()
CRITICAL - 2022-12-17 11:01:08 --> Undefined array key "id_usuario"
in APPPATH\Views\paginas\perfil.php on line 180.
 1 APPPATH\Views\paginas\perfil.php(180): CodeIgniter\Debug\Exceptions->errorHandler(2, 'Undefined array key "id_usuario"', 'APPPATH\\Views\\paginas\\perfil.php', 180)
 2 SYSTEMPATH\View\View.php(213): include('APPPATH\\Views\\paginas\\perfil.php')
 3 SYSTEMPATH\View\View.php(216): CodeIgniter\View\View->CodeIgniter\View\{closure}()
 4 SYSTEMPATH\Common.php(1142): CodeIgniter\View\View->render('paginas/perfil', [], true)
 5 APPPATH\Controllers\Home.php(573): view('paginas/perfil', [...])
 6 SYSTEMPATH\CodeIgniter.php(904): App\Controllers\Home->ver_perfil()
 7 SYSTEMPATH\CodeIgniter.php(457): CodeIgniter\CodeIgniter->runController(Object(App\Controllers\Home))
 8 SYSTEMPATH\CodeIgniter.php(340): CodeIgniter\CodeIgniter->handleRequest(null, Object(Config\Cache), false)
 9 FCPATH\index.php(67): CodeIgniter\CodeIgniter->run()
CRITICAL - 2022-12-17 11:02:12 --> Undefined array key "id_usuario"
in APPPATH\Views\paginas\perfil.php on line 175.
 1 APPPATH\Views\paginas\perfil.php(175): CodeIgniter\Debug\Exceptions->errorHandler(2, 'Undefined array key "id_usuario"', 'APPPATH\\Views\\paginas\\perfil.php', 175)
 2 SYSTEMPATH\View\View.php(213): include('APPPATH\\Views\\paginas\\perfil.php')
 3 SYSTEMPATH\View\View.php(216): CodeIgniter\View\View->CodeIgniter\View\{closure}()
 4 SYSTEMPATH\Common.php(1142): CodeIgniter\View\View->render('paginas/perfil', [], true)
 5 APPPATH\Controllers\Home.php(573): view('paginas/perfil', [...])
 6 SYSTEMPATH\CodeIgniter.php(904): App\Controllers\Home->ver_perfil()
 7 SYSTEMPATH\CodeIgniter.php(457): CodeIgniter\CodeIgniter->runController(Object(App\Controllers\Home))
 8 SYSTEMPATH\CodeIgniter.php(340): CodeIgniter\CodeIgniter->handleRequest(null, Object(Config\Cache), false)
 9 FCPATH\index.php(67): CodeIgniter\CodeIgniter->run()
CRITICAL - 2022-12-17 11:02:36 --> Undefined array key "id_usuario"
in APPPATH\Views\paginas\perfil.php on line 180.
 1 APPPATH\Views\paginas\perfil.php(180): CodeIgniter\Debug\Exceptions->errorHandler(2, 'Undefined array key "id_usuario"', 'APPPATH\\Views\\paginas\\perfil.php', 180)
 2 SYSTEMPATH\View\View.php(213): include('APPPATH\\Views\\paginas\\perfil.php')
 3 SYSTEMPATH\View\View.php(216): CodeIgniter\View\View->CodeIgniter\View\{closure}()
 4 SYSTEMPATH\Common.php(1142): CodeIgniter\View\View->render('paginas/perfil', [], true)
 5 APPPATH\Controllers\Home.php(573): view('paginas/perfil', [...])
 6 SYSTEMPATH\CodeIgniter.php(904): App\Controllers\Home->ver_perfil()
 7 SYSTEMPATH\CodeIgniter.php(457): CodeIgniter\CodeIgniter->runController(Object(App\Controllers\Home))
 8 SYSTEMPATH\CodeIgniter.php(340): CodeIgniter\CodeIgniter->handleRequest(null, Object(Config\Cache), false)
 9 FCPATH\index.php(67): CodeIgniter\CodeIgniter->run()
CRITICAL - 2022-12-17 11:03:14 --> Undefined array key "id_usuario"
in APPPATH\Views\paginas\perfil.php on line 176.
 1 APPPATH\Views\paginas\perfil.php(176): CodeIgniter\Debug\Exceptions->errorHandler(2, 'Undefined array key "id_usuario"', 'APPPATH\\Views\\paginas\\perfil.php', 176)
 2 SYSTEMPATH\View\View.php(213): include('APPPATH\\Views\\paginas\\perfil.php')
 3 SYSTEMPATH\View\View.php(216): CodeIgniter\View\View->CodeIgniter\View\{closure}()
 4 SYSTEMPATH\Common.php(1142): CodeIgniter\View\View->render('paginas/perfil', [], true)
 5 APPPATH\Controllers\Home.php(573): view('paginas/perfil', [...])
 6 SYSTEMPATH\CodeIgniter.php(904): App\Controllers\Home->ver_perfil()
 7 SYSTEMPATH\CodeIgniter.php(457): CodeIgniter\CodeIgniter->runController(Object(App\Controllers\Home))
 8 SYSTEMPATH\CodeIgniter.php(340): CodeIgniter\CodeIgniter->handleRequest(null, Object(Config\Cache), false)
 9 FCPATH\index.php(67): CodeIgniter\CodeIgniter->run()
CRITICAL - 2022-12-17 11:03:31 --> Undefined array key "imagen"
in APPPATH\Views\paginas\perfil.php on line 151.
 1 APPPATH\Views\paginas\perfil.php(151): CodeIgniter\Debug\Exceptions->errorHandler(2, 'Undefined array key "imagen"', 'APPPATH\\Views\\paginas\\perfil.php', 151)
 2 SYSTEMPATH\View\View.php(213): include('APPPATH\\Views\\paginas\\perfil.php')
 3 SYSTEMPATH\View\View.php(216): CodeIgniter\View\View->CodeIgniter\View\{closure}()
 4 SYSTEMPATH\Common.php(1142): CodeIgniter\View\View->render('paginas/perfil', [], true)
 5 APPPATH\Controllers\Home.php(573): view('paginas/perfil', [...])
 6 SYSTEMPATH\CodeIgniter.php(904): App\Controllers\Home->ver_perfil()
 7 SYSTEMPATH\CodeIgniter.php(457): CodeIgniter\CodeIgniter->runController(Object(App\Controllers\Home))
 8 SYSTEMPATH\CodeIgniter.php(340): CodeIgniter\CodeIgniter->handleRequest(null, Object(Config\Cache), false)
 9 FCPATH\index.php(67): CodeIgniter\CodeIgniter->run()
CRITICAL - 2022-12-17 11:06:19 --> syntax error, unexpected token "new"
in APPPATH\Controllers\Home.php on line 548.
 1 SYSTEMPATH\Autoloader\Autoloader.php(259): CodeIgniter\Autoloader\Autoloader->includeFile('APPPATH\\Controllers\\Home.php')
 2 SYSTEMPATH\Autoloader\Autoloader.php(237): CodeIgniter\Autoloader\Autoloader->loadInNamespace('App\\Controllers\\Home')
 3 [internal function]: CodeIgniter\Autoloader\Autoloader->loadClass('App\\Controllers\\Home')
 4 SYSTEMPATH\CodeIgniter.php(854): class_exists('\\App\\Controllers\\Home', true)
 5 SYSTEMPATH\CodeIgniter.php(444): CodeIgniter\CodeIgniter->startController()
 6 SYSTEMPATH\CodeIgniter.php(340): CodeIgniter\CodeIgniter->handleRequest(null, Object(Config\Cache), false)
 7 FCPATH\index.php(67): CodeIgniter\CodeIgniter->run()
CRITICAL - 2022-12-17 11:08:48 --> Undefined array key "imagen"
in APPPATH\Views\paginas\perfil.php on line 151.
 1 APPPATH\Views\paginas\perfil.php(151): CodeIgniter\Debug\Exceptions->errorHandler(2, 'Undefined array key "imagen"', 'APPPATH\\Views\\paginas\\perfil.php', 151)
 2 SYSTEMPATH\View\View.php(213): include('APPPATH\\Views\\paginas\\perfil.php')
 3 SYSTEMPATH\View\View.php(216): CodeIgniter\View\View->CodeIgniter\View\{closure}()
 4 SYSTEMPATH\Common.php(1142): CodeIgniter\View\View->render('paginas/perfil', [], true)
 5 APPPATH\Controllers\Home.php(571): view('paginas/perfil', [...])
 6 SYSTEMPATH\CodeIgniter.php(904): App\Controllers\Home->ver_perfil()
 7 SYSTEMPATH\CodeIgniter.php(457): CodeIgniter\CodeIgniter->runController(Object(App\Controllers\Home))
 8 SYSTEMPATH\CodeIgniter.php(340): CodeIgniter\CodeIgniter->handleRequest(null, Object(Config\Cache), false)
 9 FCPATH\index.php(67): CodeIgniter\CodeIgniter->run()
ERROR - 2022-12-17 11:14:46 --> mysqli_sql_exception: Column 'Nombre_lib' cannot be null in C:\xampp\htdocs\proyectobibliote\system\Database\MySQLi\Connection.php:292
Stack trace:
#0 C:\xampp\htdocs\proyectobibliote\system\Database\MySQLi\Connection.php(292): mysqli->query('INSERT INTO `li...', 0)
#1 C:\xampp\htdocs\proyectobibliote\system\Database\BaseConnection.php(693): CodeIgniter\Database\MySQLi\Connection->execute('INSERT INTO `li...')
#2 C:\xampp\htdocs\proyectobibliote\system\Database\BaseConnection.php(620): CodeIgniter\Database\BaseConnection->simpleQuery('INSERT INTO `li...')
#3 C:\xampp\htdocs\proyectobibliote\system\Database\BaseBuilder.php(1916): CodeIgniter\Database\BaseConnection->query('INSERT INTO `li...', Array, false)
#4 C:\xampp\htdocs\proyectobibliote\system\Model.php(279): CodeIgniter\Database\BaseBuilder->insert()
#5 C:\xampp\htdocs\proyectobibliote\system\BaseModel.php(738): CodeIgniter\Model->doInsert(Array)
#6 C:\xampp\htdocs\proyectobibliote\system\Model.php(667): CodeIgniter\BaseModel->insert(Array, true)
#7 C:\xampp\htdocs\proyectobibliote\app\Controllers\Home.php(367): CodeIgniter\Model->insert(Array)
#8 C:\xampp\htdocs\proyectobibliote\system\CodeIgniter.php(904): App\Controllers\Home->nuevolibro()
#9 C:\xampp\htdocs\proyectobibliote\system\CodeIgniter.php(457): CodeIgniter\CodeIgniter->runController(Object(App\Controllers\Home))
#10 C:\xampp\htdocs\proyectobibliote\system\CodeIgniter.php(340): CodeIgniter\CodeIgniter->handleRequest(NULL, Object(Config\Cache), false)
#11 C:\xampp\htdocs\proyectobibliote\index.php(67): CodeIgniter\CodeIgniter->run()
#12 {main}
CRITICAL - 2022-12-17 12:29:48 --> The original file is not a valid file.
in SYSTEMPATH\HTTP\Files\UploadedFile.php on line 137.
 1 SYSTEMPATH\HTTP\Files\UploadedFile.php(137): CodeIgniter\HTTP\Exceptions\HTTPException::forInvalidFile()
 2 APPPATH\Controllers\Home.php(583): CodeIgniter\HTTP\Files\UploadedFile->move('FCPATH\\images_user', '1671301788_4c6308c36aa6a0653a39')
 3 SYSTEMPATH\CodeIgniter.php(904): App\Controllers\Home->cambiar_imagen()
 4 SYSTEMPATH\CodeIgniter.php(457): CodeIgniter\CodeIgniter->runController(Object(App\Controllers\Home))
 5 SYSTEMPATH\CodeIgniter.php(340): CodeIgniter\CodeIgniter->handleRequest(null, Object(Config\Cache), false)
 6 FCPATH\index.php(67): CodeIgniter\CodeIgniter->run()
CRITICAL - 2022-12-17 12:39:37 --> The original file is not a valid file.
in SYSTEMPATH\HTTP\Files\UploadedFile.php on line 137.
 1 SYSTEMPATH\HTTP\Files\UploadedFile.php(137): CodeIgniter\HTTP\Exceptions\HTTPException::forInvalidFile()
 2 APPPATH\Controllers\Home.php(579): CodeIgniter\HTTP\Files\UploadedFile->move('FCPATH\\images_user', '1671302377_e0bfd5a21d429b7d32eb')
 3 SYSTEMPATH\CodeIgniter.php(904): App\Controllers\Home->cambiar_imagen()
 4 SYSTEMPATH\CodeIgniter.php(457): CodeIgniter\CodeIgniter->runController(Object(App\Controllers\Home))
 5 SYSTEMPATH\CodeIgniter.php(340): CodeIgniter\CodeIgniter->handleRequest(null, Object(Config\Cache), false)
 6 FCPATH\index.php(67): CodeIgniter\CodeIgniter->run()
CRITICAL - 2022-12-17 12:46:52 --> The original file is not a valid file.
in SYSTEMPATH\HTTP\Files\UploadedFile.php on line 137.
 1 SYSTEMPATH\HTTP\Files\UploadedFile.php(137): CodeIgniter\HTTP\Exceptions\HTTPException::forInvalidFile()
 2 APPPATH\Controllers\Home.php(579): CodeIgniter\HTTP\Files\UploadedFile->move('FCPATH\\images_user', '1671302812_eac73371ca80b8ce2b39')
 3 SYSTEMPATH\CodeIgniter.php(904): App\Controllers\Home->cambiar_imagen()
 4 SYSTEMPATH\CodeIgniter.php(457): CodeIgniter\CodeIgniter->runController(Object(App\Controllers\Home))
 5 SYSTEMPATH\CodeIgniter.php(340): CodeIgniter\CodeIgniter->handleRequest(null, Object(Config\Cache), false)
 6 FCPATH\index.php(67): CodeIgniter\CodeIgniter->run()
CRITICAL - 2022-12-17 12:54:34 --> syntax error, unexpected single-quoted string "imagenes", expecting "]"
in APPPATH\Controllers\SignupController.php on line 31.
 1 SYSTEMPATH\Autoloader\Autoloader.php(259): CodeIgniter\Autoloader\Autoloader->includeFile('APPPATH\\Controllers\\SignupController.php')
 2 SYSTEMPATH\Autoloader\Autoloader.php(237): CodeIgniter\Autoloader\Autoloader->loadInNamespace('App\\Controllers\\SignupController')
 3 [internal function]: CodeIgniter\Autoloader\Autoloader->loadClass('App\\Controllers\\SignupController')
 4 SYSTEMPATH\CodeIgniter.php(854): class_exists('\\App\\Controllers\\SignupController', true)
 5 SYSTEMPATH\CodeIgniter.php(444): CodeIgniter\CodeIgniter->startController()
 6 SYSTEMPATH\CodeIgniter.php(340): CodeIgniter\CodeIgniter->handleRequest(null, Object(Config\Cache), false)
 7 FCPATH\index.php(67): CodeIgniter\CodeIgniter->run()
CRITICAL - 2022-12-17 12:55:15 --> syntax error, unexpected single-quoted string "imagenes", expecting "]"
in APPPATH\Controllers\SignupController.php on line 31.
 1 SYSTEMPATH\Autoloader\Autoloader.php(259): CodeIgniter\Autoloader\Autoloader->includeFile('APPPATH\\Controllers\\SignupController.php')
 2 SYSTEMPATH\Autoloader\Autoloader.php(237): CodeIgniter\Autoloader\Autoloader->loadInNamespace('App\\Controllers\\SignupController')
 3 [internal function]: CodeIgniter\Autoloader\Autoloader->loadClass('App\\Controllers\\SignupController')
 4 SYSTEMPATH\CodeIgniter.php(854): class_exists('\\App\\Controllers\\SignupController', true)
 5 SYSTEMPATH\CodeIgniter.php(444): CodeIgniter\CodeIgniter->startController()
 6 SYSTEMPATH\CodeIgniter.php(340): CodeIgniter\CodeIgniter->handleRequest(null, Object(Config\Cache), false)
 7 FCPATH\index.php(67): CodeIgniter\CodeIgniter->run()
CRITICAL - 2022-12-17 12:55:28 --> syntax error, unexpected single-quoted string "imagenes", expecting "]"
in APPPATH\Controllers\SignupController.php on line 31.
 1 SYSTEMPATH\Autoloader\Autoloader.php(259): CodeIgniter\Autoloader\Autoloader->includeFile('APPPATH\\Controllers\\SignupController.php')
 2 SYSTEMPATH\Autoloader\Autoloader.php(237): CodeIgniter\Autoloader\Autoloader->loadInNamespace('App\\Controllers\\SignupController')
 3 [internal function]: CodeIgniter\Autoloader\Autoloader->loadClass('App\\Controllers\\SignupController')
 4 SYSTEMPATH\CodeIgniter.php(854): class_exists('\\App\\Controllers\\SignupController', true)
 5 SYSTEMPATH\CodeIgniter.php(444): CodeIgniter\CodeIgniter->startController()
 6 SYSTEMPATH\CodeIgniter.php(340): CodeIgniter\CodeIgniter->handleRequest(null, Object(Config\Cache), false)
 7 FCPATH\index.php(67): CodeIgniter\CodeIgniter->run()
CRITICAL - 2022-12-17 13:09:28 --> The original file is not a valid file.
in SYSTEMPATH\HTTP\Files\UploadedFile.php on line 137.
 1 SYSTEMPATH\HTTP\Files\UploadedFile.php(137): CodeIgniter\HTTP\Exceptions\HTTPException::forInvalidFile()
 2 APPPATH\Controllers\Home.php(579): CodeIgniter\HTTP\Files\UploadedFile->move('FCPATH\\images_user', '1671304168_e2042abe5e0c9c676ad3')
 3 SYSTEMPATH\CodeIgniter.php(904): App\Controllers\Home->cambiar_imagen()
 4 SYSTEMPATH\CodeIgniter.php(457): CodeIgniter\CodeIgniter->runController(Object(App\Controllers\Home))
 5 SYSTEMPATH\CodeIgniter.php(340): CodeIgniter\CodeIgniter->handleRequest(null, Object(Config\Cache), false)
 6 FCPATH\index.php(67): CodeIgniter\CodeIgniter->run()
CRITICAL - 2022-12-17 13:09:58 --> The original file is not a valid file.
in SYSTEMPATH\HTTP\Files\UploadedFile.php on line 137.
 1 SYSTEMPATH\HTTP\Files\UploadedFile.php(137): CodeIgniter\HTTP\Exceptions\HTTPException::forInvalidFile()
 2 APPPATH\Controllers\Home.php(579): CodeIgniter\HTTP\Files\UploadedFile->move('FCPATH\\images_user', '1671304198_fe616795f7e0efb9a273')
 3 SYSTEMPATH\CodeIgniter.php(904): App\Controllers\Home->cambiar_imagen()
 4 SYSTEMPATH\CodeIgniter.php(457): CodeIgniter\CodeIgniter->runController(Object(App\Controllers\Home))
 5 SYSTEMPATH\CodeIgniter.php(340): CodeIgniter\CodeIgniter->handleRequest(null, Object(Config\Cache), false)
 6 FCPATH\index.php(67): CodeIgniter\CodeIgniter->run()
