ERROR - 2022-11-29 13:17:20 --> Email: Unable to send email using PHP SMTP. Your server might not be configured to send mail using this method.
ERROR - 2022-11-29 13:17:20 --> 220 smtp.googlemail.com ESMTP i11-20020a056870c1cb00b0013669485016sm7914809oad.37 - gsmtp

hello: 250-smtp.googlemail.com at your service, [200.14.226.170]
250-SIZE 35882577
250-8BITMIME
250-AUTH LOGIN PLAIN XOAUTH2 PLAIN-CLIENTTOKEN OAUTHBEARER XOAUTH
250-ENHANCEDSTATUSCODES
250-PIPELINING
250-CHUNKING
250 SMTPUTF8

from: 250 2.1.0 OK i11-20020a056870c1cb00b0013669485016sm7914809oad.37 - gsmtp

to: 555 5.5.2 Syntax error. i11-20020a056870c1cb00b0013669485016sm7914809oad.37 - gsmtp

The following SMTP error was encountered: 555 5.5.2 Syntax error. i11-20020a056870c1cb00b0013669485016sm7914809oad.37 - gsmtp

quit: 221 2.0.0 closing connection i11-20020a056870c1cb00b0013669485016sm7914809oad.37 - gsmtp

CRITICAL - 2022-11-29 13:17:20 --> CodeIgniter\BaseModel::transformDataToArray(): Return value must be of type array, string returned
in SYSTEMPATH\BaseModel.php on line 1599.
 1 SYSTEMPATH\BaseModel.php(704): CodeIgniter\BaseModel->transformDataToArray('220 smtp.googlemail.com ESMTP i11-20020a056870c1cb00b0013669485016sm7914809oad.37 - gsmtp
<br /><pre>hello: 250-smtp.googlemail.com at your service, [200.14.226.170]
250-SIZE 35882577
250-8BITMIME
250-AUTH LOGIN PLAIN XOAUTH2 PLAIN-CLIENTTOKEN OAUTHBEARER XOAUTH
250-ENHANCEDSTATUSCODES
250-PIPELINING
250-CHUNKING
250 SMTPUTF8
</pre><pre>from: 250 2.1.0 OK i11-20020a056870c1cb00b0013669485016sm7914809oad.37 - gsmtp
</pre><pre>to: 555 5.5.2 Syntax error. i11-20020a056870c1cb00b0013669485016sm7914809oad.37 - gsmtp
</pre>The following SMTP error was encountered: 555 5.5.2 Syntax error. i11-20020a056870c1cb00b0013669485016sm7914809oad.37 - gsmtp
<br /><pre>quit: 221 2.0.0 closing connection i11-20020a056870c1cb00b0013669485016sm7914809oad.37 - gsmtp
</pre>Unable to send email using PHP SMTP. Your server might not be configured to send mail using this method.<br /><pre>Date: Tue, 29 Nov 2022 13:17:18 -0600
From: &quot;Confirm Registration&quot; &lt;n_vargas@alumnos.upla.cl&gt;
Return-Path: &lt;n_vargas@alumnos.upla.cl&gt;
Subject: =?UTF-8?Q?hola=20bienvenido?=
Reply-To: &lt;n_vargas@alumnos.upla.cl&gt;
User-Agent: CodeIgniter
X-Sender: n_vargas@alumnos.upla.cl
X-Mailer: CodeIgniter
X-Priority: 3 (Normal)
Message-ID: &lt;63865abe5f10b3.87287545@alumnos.upla.cl&gt;
Mime-Version: 1.0

</pre>', 'insert')
 2 SYSTEMPATH\Model.php(667): CodeIgniter\BaseModel->insert('220 smtp.googlemail.com ESMTP i11-20020a056870c1cb00b0013669485016sm7914809oad.37 - gsmtp
<br /><pre>hello: 250-smtp.googlemail.com at your service, [200.14.226.170]
250-SIZE 35882577
250-8BITMIME
250-AUTH LOGIN PLAIN XOAUTH2 PLAIN-CLIENTTOKEN OAUTHBEARER XOAUTH
250-ENHANCEDSTATUSCODES
250-PIPELINING
250-CHUNKING
250 SMTPUTF8
</pre><pre>from: 250 2.1.0 OK i11-20020a056870c1cb00b0013669485016sm7914809oad.37 - gsmtp
</pre><pre>to: 555 5.5.2 Syntax error. i11-20020a056870c1cb00b0013669485016sm7914809oad.37 - gsmtp
</pre>The following SMTP error was encountered: 555 5.5.2 Syntax error. i11-20020a056870c1cb00b0013669485016sm7914809oad.37 - gsmtp
<br /><pre>quit: 221 2.0.0 closing connection i11-20020a056870c1cb00b0013669485016sm7914809oad.37 - gsmtp
</pre>Unable to send email using PHP SMTP. Your server might not be configured to send mail using this method.<br /><pre>Date: Tue, 29 Nov 2022 13:17:18 -0600
From: &quot;Confirm Registration&quot; &lt;n_vargas@alumnos.upla.cl&gt;
Return-Path: &lt;n_vargas@alumnos.upla.cl&gt;
Subject: =?UTF-8?Q?hola=20bienvenido?=
Reply-To: &lt;n_vargas@alumnos.upla.cl&gt;
User-Agent: CodeIgniter
X-Sender: n_vargas@alumnos.upla.cl
X-Mailer: CodeIgniter
X-Priority: 3 (Normal)
Message-ID: &lt;63865abe5f10b3.87287545@alumnos.upla.cl&gt;
Mime-Version: 1.0

</pre>', true)
 3 APPPATH\Controllers\Home.php(206): CodeIgniter\Model->insert('220 smtp.googlemail.com ESMTP i11-20020a056870c1cb00b0013669485016sm7914809oad.37 - gsmtp
<br /><pre>hello: 250-smtp.googlemail.com at your service, [200.14.226.170]
250-SIZE 35882577
250-8BITMIME
250-AUTH LOGIN PLAIN XOAUTH2 PLAIN-CLIENTTOKEN OAUTHBEARER XOAUTH
250-ENHANCEDSTATUSCODES
250-PIPELINING
250-CHUNKING
250 SMTPUTF8
</pre><pre>from: 250 2.1.0 OK i11-20020a056870c1cb00b0013669485016sm7914809oad.37 - gsmtp
</pre><pre>to: 555 5.5.2 Syntax error. i11-20020a056870c1cb00b0013669485016sm7914809oad.37 - gsmtp
</pre>The following SMTP error was encountered: 555 5.5.2 Syntax error. i11-20020a056870c1cb00b0013669485016sm7914809oad.37 - gsmtp
<br /><pre>quit: 221 2.0.0 closing connection i11-20020a056870c1cb00b0013669485016sm7914809oad.37 - gsmtp
</pre>Unable to send email using PHP SMTP. Your server might not be configured to send mail using this method.<br /><pre>Date: Tue, 29 Nov 2022 13:17:18 -0600
From: &quot;Confirm Registration&quot; &lt;n_vargas@alumnos.upla.cl&gt;
Return-Path: &lt;n_vargas@alumnos.upla.cl&gt;
Subject: =?UTF-8?Q?hola=20bienvenido?=
Reply-To: &lt;n_vargas@alumnos.upla.cl&gt;
User-Agent: CodeIgniter
X-Sender: n_vargas@alumnos.upla.cl
X-Mailer: CodeIgniter
X-Priority: 3 (Normal)
Message-ID: &lt;63865abe5f10b3.87287545@alumnos.upla.cl&gt;
Mime-Version: 1.0

</pre>')
 4 SYSTEMPATH\CodeIgniter.php(904): App\Controllers\Home->nuevoUsuario()
 5 SYSTEMPATH\CodeIgniter.php(457): CodeIgniter\CodeIgniter->runController(Object(App\Controllers\Home))
 6 SYSTEMPATH\CodeIgniter.php(340): CodeIgniter\CodeIgniter->handleRequest(null, Object(Config\Cache), false)
 7 FCPATH\index.php(67): CodeIgniter\CodeIgniter->run()
ERROR - 2022-11-29 13:22:28 --> mysqli_sql_exception: Duplicate entry '9999234565' for key 'rut' in C:\xampp\htdocs\proyectobibliote\system\Database\MySQLi\Connection.php:292
Stack trace:
#0 C:\xampp\htdocs\proyectobibliote\system\Database\MySQLi\Connection.php(292): mysqli->query('INSERT INTO `us...', 0)
#1 C:\xampp\htdocs\proyectobibliote\system\Database\BaseConnection.php(693): CodeIgniter\Database\MySQLi\Connection->execute('INSERT INTO `us...')
#2 C:\xampp\htdocs\proyectobibliote\system\Database\BaseConnection.php(620): CodeIgniter\Database\BaseConnection->simpleQuery('INSERT INTO `us...')
#3 C:\xampp\htdocs\proyectobibliote\system\Database\BaseBuilder.php(1916): CodeIgniter\Database\BaseConnection->query('INSERT INTO `us...', Array, false)
#4 C:\xampp\htdocs\proyectobibliote\system\Model.php(279): CodeIgniter\Database\BaseBuilder->insert()
#5 C:\xampp\htdocs\proyectobibliote\system\BaseModel.php(738): CodeIgniter\Model->doInsert(Array)
#6 C:\xampp\htdocs\proyectobibliote\system\Model.php(667): CodeIgniter\BaseModel->insert(Array, true)
#7 C:\xampp\htdocs\proyectobibliote\app\Controllers\Home.php(206): CodeIgniter\Model->insert(Array)
#8 C:\xampp\htdocs\proyectobibliote\system\CodeIgniter.php(904): App\Controllers\Home->nuevoUsuario()
#9 C:\xampp\htdocs\proyectobibliote\system\CodeIgniter.php(457): CodeIgniter\CodeIgniter->runController(Object(App\Controllers\Home))
#10 C:\xampp\htdocs\proyectobibliote\system\CodeIgniter.php(340): CodeIgniter\CodeIgniter->handleRequest(NULL, Object(Config\Cache), false)
#11 C:\xampp\htdocs\proyectobibliote\index.php(67): CodeIgniter\CodeIgniter->run()
#12 {main}
ERROR - 2022-11-29 13:23:02 --> mysqli_sql_exception: Duplicate entry '9999234565' for key 'rut' in C:\xampp\htdocs\proyectobibliote\system\Database\MySQLi\Connection.php:292
Stack trace:
#0 C:\xampp\htdocs\proyectobibliote\system\Database\MySQLi\Connection.php(292): mysqli->query('INSERT INTO `us...', 0)
#1 C:\xampp\htdocs\proyectobibliote\system\Database\BaseConnection.php(693): CodeIgniter\Database\MySQLi\Connection->execute('INSERT INTO `us...')
#2 C:\xampp\htdocs\proyectobibliote\system\Database\BaseConnection.php(620): CodeIgniter\Database\BaseConnection->simpleQuery('INSERT INTO `us...')
#3 C:\xampp\htdocs\proyectobibliote\system\Database\BaseBuilder.php(1916): CodeIgniter\Database\BaseConnection->query('INSERT INTO `us...', Array, false)
#4 C:\xampp\htdocs\proyectobibliote\system\Model.php(279): CodeIgniter\Database\BaseBuilder->insert()
#5 C:\xampp\htdocs\proyectobibliote\system\BaseModel.php(738): CodeIgniter\Model->doInsert(Array)
#6 C:\xampp\htdocs\proyectobibliote\system\Model.php(667): CodeIgniter\BaseModel->insert(Array, true)
#7 C:\xampp\htdocs\proyectobibliote\app\Controllers\Home.php(206): CodeIgniter\Model->insert(Array)
#8 C:\xampp\htdocs\proyectobibliote\system\CodeIgniter.php(904): App\Controllers\Home->nuevoUsuario()
#9 C:\xampp\htdocs\proyectobibliote\system\CodeIgniter.php(457): CodeIgniter\CodeIgniter->runController(Object(App\Controllers\Home))
#10 C:\xampp\htdocs\proyectobibliote\system\CodeIgniter.php(340): CodeIgniter\CodeIgniter->handleRequest(NULL, Object(Config\Cache), false)
#11 C:\xampp\htdocs\proyectobibliote\index.php(67): CodeIgniter\CodeIgniter->run()
#12 {main}
CRITICAL - 2022-11-29 14:58:33 --> Call to a member function hasMoved() on null
in APPPATH\Controllers\Home.php on line 242.
 1 SYSTEMPATH\CodeIgniter.php(904): App\Controllers\Home->nuevolibro()
 2 SYSTEMPATH\CodeIgniter.php(457): CodeIgniter\CodeIgniter->runController(Object(App\Controllers\Home))
 3 SYSTEMPATH\CodeIgniter.php(340): CodeIgniter\CodeIgniter->handleRequest(null, Object(Config\Cache), false)
 4 FCPATH\index.php(67): CodeIgniter\CodeIgniter->run()
CRITICAL - 2022-11-29 14:59:50 --> Call to a member function hasMoved() on null
in APPPATH\Controllers\Home.php on line 242.
 1 SYSTEMPATH\CodeIgniter.php(904): App\Controllers\Home->nuevolibro()
 2 SYSTEMPATH\CodeIgniter.php(457): CodeIgniter\CodeIgniter->runController(Object(App\Controllers\Home))
 3 SYSTEMPATH\CodeIgniter.php(340): CodeIgniter\CodeIgniter->handleRequest(null, Object(Config\Cache), false)
 4 FCPATH\index.php(67): CodeIgniter\CodeIgniter->run()
CRITICAL - 2022-11-29 14:59:57 --> Call to a member function hasMoved() on null
in APPPATH\Controllers\Home.php on line 242.
 1 SYSTEMPATH\CodeIgniter.php(904): App\Controllers\Home->nuevolibro()
 2 SYSTEMPATH\CodeIgniter.php(457): CodeIgniter\CodeIgniter->runController(Object(App\Controllers\Home))
 3 SYSTEMPATH\CodeIgniter.php(340): CodeIgniter\CodeIgniter->handleRequest(null, Object(Config\Cache), false)
 4 FCPATH\index.php(67): CodeIgniter\CodeIgniter->run()
CRITICAL - 2022-11-29 15:00:15 --> Call to a member function hasMoved() on null
in APPPATH\Controllers\Home.php on line 242.
 1 SYSTEMPATH\CodeIgniter.php(904): App\Controllers\Home->nuevolibro()
 2 SYSTEMPATH\CodeIgniter.php(457): CodeIgniter\CodeIgniter->runController(Object(App\Controllers\Home))
 3 SYSTEMPATH\CodeIgniter.php(340): CodeIgniter\CodeIgniter->handleRequest(null, Object(Config\Cache), false)
 4 FCPATH\index.php(67): CodeIgniter\CodeIgniter->run()
CRITICAL - 2022-11-29 15:01:36 --> Call to a member function store() on null
in APPPATH\Controllers\Home.php on line 243.
 1 SYSTEMPATH\CodeIgniter.php(904): App\Controllers\Home->nuevolibro()
 2 SYSTEMPATH\CodeIgniter.php(457): CodeIgniter\CodeIgniter->runController(Object(App\Controllers\Home))
 3 SYSTEMPATH\CodeIgniter.php(340): CodeIgniter\CodeIgniter->handleRequest(null, Object(Config\Cache), false)
 4 FCPATH\index.php(67): CodeIgniter\CodeIgniter->run()
CRITICAL - 2022-11-29 15:05:55 --> Undefined variable $nuevoNombre
in APPPATH\Controllers\Home.php on line 253.
 1 APPPATH\Controllers\Home.php(253): CodeIgniter\Debug\Exceptions->errorHandler(2, 'Undefined variable $nuevoNombre', 'APPPATH\\Controllers\\Home.php', 253)
 2 SYSTEMPATH\CodeIgniter.php(904): App\Controllers\Home->nuevolibro()
 3 SYSTEMPATH\CodeIgniter.php(457): CodeIgniter\CodeIgniter->runController(Object(App\Controllers\Home))
 4 SYSTEMPATH\CodeIgniter.php(340): CodeIgniter\CodeIgniter->handleRequest(null, Object(Config\Cache), false)
 5 FCPATH\index.php(67): CodeIgniter\CodeIgniter->run()
CRITICAL - 2022-11-29 15:07:38 --> Undefined variable $data
in APPPATH\Controllers\Home.php on line 254.
 1 APPPATH\Controllers\Home.php(254): CodeIgniter\Debug\Exceptions->errorHandler(2, 'Undefined variable $data', 'APPPATH\\Controllers\\Home.php', 254)
 2 SYSTEMPATH\CodeIgniter.php(904): App\Controllers\Home->nuevolibro()
 3 SYSTEMPATH\CodeIgniter.php(457): CodeIgniter\CodeIgniter->runController(Object(App\Controllers\Home))
 4 SYSTEMPATH\CodeIgniter.php(340): CodeIgniter\CodeIgniter->handleRequest(null, Object(Config\Cache), false)
 5 FCPATH\index.php(67): CodeIgniter\CodeIgniter->run()
CRITICAL - 2022-11-29 15:08:27 --> There is no data to insert.
in SYSTEMPATH\BaseModel.php on line 1577.
 1 SYSTEMPATH\BaseModel.php(1577): CodeIgniter\Database\Exceptions\DataException::forEmptyDataset('insert')
 2 SYSTEMPATH\BaseModel.php(704): CodeIgniter\BaseModel->transformDataToArray(null, 'insert')
 3 SYSTEMPATH\Model.php(667): CodeIgniter\BaseModel->insert(null, true)
 4 APPPATH\Controllers\Home.php(254): CodeIgniter\Model->insert(null)
 5 SYSTEMPATH\CodeIgniter.php(904): App\Controllers\Home->nuevolibro()
 6 SYSTEMPATH\CodeIgniter.php(457): CodeIgniter\CodeIgniter->runController(Object(App\Controllers\Home))
 7 SYSTEMPATH\CodeIgniter.php(340): CodeIgniter\CodeIgniter->handleRequest(null, Object(Config\Cache), false)
 8 FCPATH\index.php(67): CodeIgniter\CodeIgniter->run()
CRITICAL - 2022-11-29 15:08:48 --> There is no data to insert.
in SYSTEMPATH\BaseModel.php on line 1577.
 1 SYSTEMPATH\BaseModel.php(1577): CodeIgniter\Database\Exceptions\DataException::forEmptyDataset('insert')
 2 SYSTEMPATH\BaseModel.php(704): CodeIgniter\BaseModel->transformDataToArray(null, 'insert')
 3 SYSTEMPATH\Model.php(667): CodeIgniter\BaseModel->insert(null, true)
 4 APPPATH\Controllers\Home.php(254): CodeIgniter\Model->insert(null)
 5 SYSTEMPATH\CodeIgniter.php(904): App\Controllers\Home->nuevolibro()
 6 SYSTEMPATH\CodeIgniter.php(457): CodeIgniter\CodeIgniter->runController(Object(App\Controllers\Home))
 7 SYSTEMPATH\CodeIgniter.php(340): CodeIgniter\CodeIgniter->handleRequest(null, Object(Config\Cache), false)
 8 FCPATH\index.php(67): CodeIgniter\CodeIgniter->run()
CRITICAL - 2022-11-29 15:09:41 --> syntax error, unexpected token "=>"
in APPPATH\Controllers\Home.php on line 244.
 1 SYSTEMPATH\Router\Router.php(499): CodeIgniter\Router\AutoRouter->getRoute('Home/nuevolibro')
 2 SYSTEMPATH\Router\Router.php(205): CodeIgniter\Router\Router->autoRoute('Home/nuevolibro')
 3 SYSTEMPATH\CodeIgniter.php(779): CodeIgniter\Router\Router->handle('Home/nuevolibro')
 4 SYSTEMPATH\CodeIgniter.php(406): CodeIgniter\CodeIgniter->tryToRouteIt(Object(CodeIgniter\Router\RouteCollection))
 5 SYSTEMPATH\CodeIgniter.php(340): CodeIgniter\CodeIgniter->handleRequest(null, Object(Config\Cache), false)
 6 FCPATH\index.php(67): CodeIgniter\CodeIgniter->run()
CRITICAL - 2022-11-29 15:11:33 --> syntax error, unexpected token "=>"
in APPPATH\Controllers\Home.php on line 247.
 1 SYSTEMPATH\Router\Router.php(499): CodeIgniter\Router\AutoRouter->getRoute('Home/nuevolibro')
 2 SYSTEMPATH\Router\Router.php(205): CodeIgniter\Router\Router->autoRoute('Home/nuevolibro')
 3 SYSTEMPATH\CodeIgniter.php(779): CodeIgniter\Router\Router->handle('Home/nuevolibro')
 4 SYSTEMPATH\CodeIgniter.php(406): CodeIgniter\CodeIgniter->tryToRouteIt(Object(CodeIgniter\Router\RouteCollection))
 5 SYSTEMPATH\CodeIgniter.php(340): CodeIgniter\CodeIgniter->handleRequest(null, Object(Config\Cache), false)
 6 FCPATH\index.php(67): CodeIgniter\CodeIgniter->run()
CRITICAL - 2022-11-29 15:12:28 --> Undefined variable $data
in APPPATH\Controllers\Home.php on line 261.
 1 APPPATH\Controllers\Home.php(261): CodeIgniter\Debug\Exceptions->errorHandler(2, 'Undefined variable $data', 'APPPATH\\Controllers\\Home.php', 261)
 2 SYSTEMPATH\CodeIgniter.php(904): App\Controllers\Home->nuevolibro()
 3 SYSTEMPATH\CodeIgniter.php(457): CodeIgniter\CodeIgniter->runController(Object(App\Controllers\Home))
 4 SYSTEMPATH\CodeIgniter.php(340): CodeIgniter\CodeIgniter->handleRequest(null, Object(Config\Cache), false)
 5 FCPATH\index.php(67): CodeIgniter\CodeIgniter->run()
CRITICAL - 2022-11-29 15:15:24 --> Undefined variable $data
in APPPATH\Controllers\Home.php on line 257.
 1 APPPATH\Controllers\Home.php(257): CodeIgniter\Debug\Exceptions->errorHandler(2, 'Undefined variable $data', 'APPPATH\\Controllers\\Home.php', 257)
 2 SYSTEMPATH\CodeIgniter.php(904): App\Controllers\Home->nuevolibro()
 3 SYSTEMPATH\CodeIgniter.php(457): CodeIgniter\CodeIgniter->runController(Object(App\Controllers\Home))
 4 SYSTEMPATH\CodeIgniter.php(340): CodeIgniter\CodeIgniter->handleRequest(null, Object(Config\Cache), false)
 5 FCPATH\index.php(67): CodeIgniter\CodeIgniter->run()
CRITICAL - 2022-11-29 15:15:57 --> Undefined variable $data
in APPPATH\Controllers\Home.php on line 257.
 1 APPPATH\Controllers\Home.php(257): CodeIgniter\Debug\Exceptions->errorHandler(2, 'Undefined variable $data', 'APPPATH\\Controllers\\Home.php', 257)
 2 SYSTEMPATH\CodeIgniter.php(904): App\Controllers\Home->nuevolibro()
 3 SYSTEMPATH\CodeIgniter.php(457): CodeIgniter\CodeIgniter->runController(Object(App\Controllers\Home))
 4 SYSTEMPATH\CodeIgniter.php(340): CodeIgniter\CodeIgniter->handleRequest(null, Object(Config\Cache), false)
 5 FCPATH\index.php(67): CodeIgniter\CodeIgniter->run()
CRITICAL - 2022-11-29 15:34:24 --> Undefined variable $img
in APPPATH\Controllers\Home.php on line 246.
 1 APPPATH\Controllers\Home.php(246): CodeIgniter\Debug\Exceptions->errorHandler(2, 'Undefined variable $img', 'APPPATH\\Controllers\\Home.php', 246)
 2 SYSTEMPATH\CodeIgniter.php(904): App\Controllers\Home->nuevolibro()
 3 SYSTEMPATH\CodeIgniter.php(457): CodeIgniter\CodeIgniter->runController(Object(App\Controllers\Home))
 4 SYSTEMPATH\CodeIgniter.php(340): CodeIgniter\CodeIgniter->handleRequest(null, Object(Config\Cache), false)
 5 FCPATH\index.php(67): CodeIgniter\CodeIgniter->run()
CRITICAL - 2022-11-29 15:34:44 --> Undefined variable $img
in APPPATH\Controllers\Home.php on line 247.
 1 APPPATH\Controllers\Home.php(247): CodeIgniter\Debug\Exceptions->errorHandler(2, 'Undefined variable $img', 'APPPATH\\Controllers\\Home.php', 247)
 2 SYSTEMPATH\CodeIgniter.php(904): App\Controllers\Home->nuevolibro()
 3 SYSTEMPATH\CodeIgniter.php(457): CodeIgniter\CodeIgniter->runController(Object(App\Controllers\Home))
 4 SYSTEMPATH\CodeIgniter.php(340): CodeIgniter\CodeIgniter->handleRequest(null, Object(Config\Cache), false)
 5 FCPATH\index.php(67): CodeIgniter\CodeIgniter->run()
CRITICAL - 2022-11-29 15:35:00 --> Undefined variable $img
in APPPATH\Controllers\Home.php on line 247.
 1 APPPATH\Controllers\Home.php(247): CodeIgniter\Debug\Exceptions->errorHandler(2, 'Undefined variable $img', 'APPPATH\\Controllers\\Home.php', 247)
 2 SYSTEMPATH\CodeIgniter.php(904): App\Controllers\Home->nuevolibro()
 3 SYSTEMPATH\CodeIgniter.php(457): CodeIgniter\CodeIgniter->runController(Object(App\Controllers\Home))
 4 SYSTEMPATH\CodeIgniter.php(340): CodeIgniter\CodeIgniter->handleRequest(null, Object(Config\Cache), false)
 5 FCPATH\index.php(67): CodeIgniter\CodeIgniter->run()
CRITICAL - 2022-11-29 21:56:22 --> Invalid file: nueva_pagina/pag_correo.php
in SYSTEMPATH\Exceptions\FrameworkException.php on line 33.
 1 SYSTEMPATH\View\View.php(201): CodeIgniter\Exceptions\FrameworkException::forInvalidFile('nueva_pagina/pag_correo.php')
 2 SYSTEMPATH\Common.php(1142): CodeIgniter\View\View->render('nueva_pagina/pag_correo', [], true)
 3 APPPATH\Controllers\correo.php(9): view('nueva_pagina/pag_correo')
 4 SYSTEMPATH\CodeIgniter.php(904): App\Controllers\correo->index()
 5 SYSTEMPATH\CodeIgniter.php(457): CodeIgniter\CodeIgniter->runController(Object(App\Controllers\correo))
 6 SYSTEMPATH\CodeIgniter.php(340): CodeIgniter\CodeIgniter->handleRequest(null, Object(Config\Cache), false)
 7 FCPATH\index.php(67): CodeIgniter\CodeIgniter->run()
CRITICAL - 2022-11-29 21:57:10 --> Invalid file: nueva/pag_correo.php
in SYSTEMPATH\Exceptions\FrameworkException.php on line 33.
 1 SYSTEMPATH\View\View.php(201): CodeIgniter\Exceptions\FrameworkException::forInvalidFile('nueva/pag_correo.php')
 2 SYSTEMPATH\Common.php(1142): CodeIgniter\View\View->render('nueva/pag_correo', [], true)
 3 APPPATH\Controllers\correo.php(9): view('nueva/pag_correo')
 4 SYSTEMPATH\CodeIgniter.php(904): App\Controllers\correo->index()
 5 SYSTEMPATH\CodeIgniter.php(457): CodeIgniter\CodeIgniter->runController(Object(App\Controllers\correo))
 6 SYSTEMPATH\CodeIgniter.php(340): CodeIgniter\CodeIgniter->handleRequest(null, Object(Config\Cache), false)
 7 FCPATH\index.php(67): CodeIgniter\CodeIgniter->run()
