CRITICAL - 2022-09-14 08:48:10 --> include(registrar.php): Failed to open stream: No such file or directory
in APPPATH\Views\usuarios\index.php on line 33.
 1 APPPATH\Views\usuarios\index.php(33): CodeIgniter\Debug\Exceptions->errorHandler(2, 'include(registrar.php): Failed to open stream: No such file or directory', 'APPPATH\\Views\\usuarios\\index.php', 33)
 2 APPPATH\Views\usuarios\index.php(33): include()
 3 SYSTEMPATH\View\View.php(213): include('APPPATH\\Views\\usuarios\\index.php')
 4 SYSTEMPATH\View\View.php(216): CodeIgniter\View\View->CodeIgniter\View\{closure}()
 5 SYSTEMPATH\Common.php(1142): CodeIgniter\View\View->render('usuarios/index', [], true)
 6 APPPATH\Controllers\Home.php(36): view('usuarios/index', [...])
 7 SYSTEMPATH\CodeIgniter.php(904): App\Controllers\Home->saludos()
 8 SYSTEMPATH\CodeIgniter.php(457): CodeIgniter\CodeIgniter->runController(Object(App\Controllers\Home))
 9 SYSTEMPATH\CodeIgniter.php(340): CodeIgniter\CodeIgniter->handleRequest(null, Object(Config\Cache), false)
10 FCPATH\index.php(67): CodeIgniter\CodeIgniter->run()
CRITICAL - 2022-09-14 08:56:22 --> include(registrar.php): Failed to open stream: No such file or directory
in APPPATH\Views\usuarios\index.php on line 33.
 1 APPPATH\Views\usuarios\index.php(33): CodeIgniter\Debug\Exceptions->errorHandler(2, 'include(registrar.php): Failed to open stream: No such file or directory', 'APPPATH\\Views\\usuarios\\index.php', 33)
 2 APPPATH\Views\usuarios\index.php(33): include()
 3 SYSTEMPATH\View\View.php(213): include('APPPATH\\Views\\usuarios\\index.php')
 4 SYSTEMPATH\View\View.php(216): CodeIgniter\View\View->CodeIgniter\View\{closure}()
 5 SYSTEMPATH\Common.php(1142): CodeIgniter\View\View->render('usuarios/index', [], true)
 6 APPPATH\Controllers\Home.php(36): view('usuarios/index', [...])
 7 SYSTEMPATH\CodeIgniter.php(904): App\Controllers\Home->saludos()
 8 SYSTEMPATH\CodeIgniter.php(457): CodeIgniter\CodeIgniter->runController(Object(App\Controllers\Home))
 9 SYSTEMPATH\CodeIgniter.php(340): CodeIgniter\CodeIgniter->handleRequest(null, Object(Config\Cache), false)
10 FCPATH\index.php(67): CodeIgniter\CodeIgniter->run()
CRITICAL - 2022-09-14 08:56:23 --> include(registrar.php): Failed to open stream: No such file or directory
in APPPATH\Views\usuarios\index.php on line 33.
 1 APPPATH\Views\usuarios\index.php(33): CodeIgniter\Debug\Exceptions->errorHandler(2, 'include(registrar.php): Failed to open stream: No such file or directory', 'APPPATH\\Views\\usuarios\\index.php', 33)
 2 APPPATH\Views\usuarios\index.php(33): include()
 3 SYSTEMPATH\View\View.php(213): include('APPPATH\\Views\\usuarios\\index.php')
 4 SYSTEMPATH\View\View.php(216): CodeIgniter\View\View->CodeIgniter\View\{closure}()
 5 SYSTEMPATH\Common.php(1142): CodeIgniter\View\View->render('usuarios/index', [], true)
 6 APPPATH\Controllers\Home.php(36): view('usuarios/index', [...])
 7 SYSTEMPATH\CodeIgniter.php(904): App\Controllers\Home->saludos()
 8 SYSTEMPATH\CodeIgniter.php(457): CodeIgniter\CodeIgniter->runController(Object(App\Controllers\Home))
 9 SYSTEMPATH\CodeIgniter.php(340): CodeIgniter\CodeIgniter->handleRequest(null, Object(Config\Cache), false)
10 FCPATH\index.php(67): CodeIgniter\CodeIgniter->run()
CRITICAL - 2022-09-14 09:05:13 --> include(registrar.php): Failed to open stream: No such file or directory
in APPPATH\Views\usuarios\index.php on line 33.
 1 APPPATH\Views\usuarios\index.php(33): CodeIgniter\Debug\Exceptions->errorHandler(2, 'include(registrar.php): Failed to open stream: No such file or directory', 'APPPATH\\Views\\usuarios\\index.php', 33)
 2 APPPATH\Views\usuarios\index.php(33): include()
 3 SYSTEMPATH\View\View.php(213): include('APPPATH\\Views\\usuarios\\index.php')
 4 SYSTEMPATH\View\View.php(216): CodeIgniter\View\View->CodeIgniter\View\{closure}()
 5 SYSTEMPATH\Common.php(1142): CodeIgniter\View\View->render('usuarios/index', [], true)
 6 APPPATH\Controllers\Home.php(36): view('usuarios/index', [...])
 7 SYSTEMPATH\CodeIgniter.php(904): App\Controllers\Home->saludos()
 8 SYSTEMPATH\CodeIgniter.php(457): CodeIgniter\CodeIgniter->runController(Object(App\Controllers\Home))
 9 SYSTEMPATH\CodeIgniter.php(340): CodeIgniter\CodeIgniter->handleRequest(null, Object(Config\Cache), false)
10 FCPATH\index.php(67): CodeIgniter\CodeIgniter->run()
CRITICAL - 2022-09-14 09:13:17 --> include(registrar.php): Failed to open stream: No such file or directory
in APPPATH\Views\usuarios\index.php on line 33.
 1 APPPATH\Views\usuarios\index.php(33): CodeIgniter\Debug\Exceptions->errorHandler(2, 'include(registrar.php): Failed to open stream: No such file or directory', 'APPPATH\\Views\\usuarios\\index.php', 33)
 2 APPPATH\Views\usuarios\index.php(33): include()
 3 SYSTEMPATH\View\View.php(213): include('APPPATH\\Views\\usuarios\\index.php')
 4 SYSTEMPATH\View\View.php(216): CodeIgniter\View\View->CodeIgniter\View\{closure}()
 5 SYSTEMPATH\Common.php(1142): CodeIgniter\View\View->render('usuarios/index', [], true)
 6 APPPATH\Controllers\Home.php(36): view('usuarios/index', [...])
 7 SYSTEMPATH\CodeIgniter.php(904): App\Controllers\Home->saludos()
 8 SYSTEMPATH\CodeIgniter.php(457): CodeIgniter\CodeIgniter->runController(Object(App\Controllers\Home))
 9 SYSTEMPATH\CodeIgniter.php(340): CodeIgniter\CodeIgniter->handleRequest(null, Object(Config\Cache), false)
10 FCPATH\index.php(67): CodeIgniter\CodeIgniter->run()
CRITICAL - 2022-09-14 10:21:12 --> syntax error, unexpected identifier "a"
in APPPATH\Controllers\Home.php on line 45.
 1 SYSTEMPATH\Router\Router.php(499): CodeIgniter\Router\AutoRouter->getRoute('home/saludos')
 2 SYSTEMPATH\Router\Router.php(205): CodeIgniter\Router\Router->autoRoute('home/saludos')
 3 SYSTEMPATH\CodeIgniter.php(779): CodeIgniter\Router\Router->handle('home/saludos')
 4 SYSTEMPATH\CodeIgniter.php(406): CodeIgniter\CodeIgniter->tryToRouteIt(Object(CodeIgniter\Router\RouteCollection))
 5 SYSTEMPATH\CodeIgniter.php(340): CodeIgniter\CodeIgniter->handleRequest(null, Object(Config\Cache), false)
 6 FCPATH\index.php(67): CodeIgniter\CodeIgniter->run()
CRITICAL - 2022-09-14 10:21:52 --> syntax error, unexpected identifier "a"
in APPPATH\Controllers\Home.php on line 45.
 1 SYSTEMPATH\Router\Router.php(499): CodeIgniter\Router\AutoRouter->getRoute('home/saludos')
 2 SYSTEMPATH\Router\Router.php(205): CodeIgniter\Router\Router->autoRoute('home/saludos')
 3 SYSTEMPATH\CodeIgniter.php(779): CodeIgniter\Router\Router->handle('home/saludos')
 4 SYSTEMPATH\CodeIgniter.php(406): CodeIgniter\CodeIgniter->tryToRouteIt(Object(CodeIgniter\Router\RouteCollection))
 5 SYSTEMPATH\CodeIgniter.php(340): CodeIgniter\CodeIgniter->handleRequest(null, Object(Config\Cache), false)
 6 FCPATH\index.php(67): CodeIgniter\CodeIgniter->run()
